Log file open, 01/07/25 17:23:45
LogWindows: Failed to load 'aqProf.dll' (GetLastError=126)
LogWindows: File 'aqProf.dll' does not exist
LogWindows: Failed to load 'VtuneApi.dll' (GetLastError=126)
LogWindows: File 'VtuneApi.dll' does not exist
LogWindows: Failed to load 'VtuneApi32e.dll' (GetLastError=126)
LogWindows: File 'VtuneApi32e.dll' does not exist
LogConsoleResponse: Display: Failed to find resolution value strings in scalability ini. Falling back to default.
LogConsoleResponse: Display: Failed to find resolution value strings in scalability ini. Falling back to default.
LogInit: Display: Running engine for game: BallRunner
LogPlatformFile: Not using cached read wrapper
LogTaskGraph: Started task graph with 5 named threads and 47 total threads with 3 sets of task threads.
LogStats: Stats thread started at 0.283483
LogICUInternationalization: ICU TimeZone Detection - Raw Offset: +1:00, Platform Override: ''
LogInit: Display: Loading text-based GConfig....
LogPluginManager: Mounting plugin MeshPainting
LogPluginManager: Mounting plugin XGEController
LogPluginManager: Mounting plugin AISupport
LogPluginManager: Mounting plugin Paper2D
LogPluginManager: Mounting plugin EnvironmentQueryEditor
LogPluginManager: Mounting plugin LiveLink
LogPluginManager: Mounting plugin CameraShakePreviewer
LogPluginManager: Mounting plugin GameplayCameras
LogPluginManager: Mounting plugin LightPropagationVolume
LogPluginManager: Mounting plugin CLionSourceCodeAccess
LogPluginManager: Mounting plugin NullSourceCodeAccess
LogPluginManager: Mounting plugin PerforceSourceControl
LogPluginManager: Mounting plugin KDevelopSourceCodeAccess
LogPluginManager: Mounting plugin CodeLiteSourceCodeAccess
LogPluginManager: Mounting plugin GitSourceControl
LogPluginManager: Mounting plugin PlasticSourceControl
LogPluginManager: Mounting plugin AnimationSharing
LogPluginManager: Mounting plugin PixWinPlugin
LogPluginManager: Mounting plugin PropertyAccessNode
LogPluginManager: Mounting plugin SubversionSourceControl
LogPluginManager: Mounting plugin TextureFormatOodle
LogPluginManager: Mounting plugin VisualStudioSourceCodeAccess
LogPluginManager: Mounting plugin UObjectPlugin
LogPluginManager: Mounting plugin RiderSourceCodeAccess
LogPluginManager: Mounting plugin XCodeSourceCodeAccess
LogPluginManager: Mounting plugin DatasmithContent
LogPluginManager: Mounting plugin VariantManagerContent
LogPluginManager: Mounting plugin VisualStudioCodeSourceCodeAccess
LogPluginManager: Mounting plugin PluginUtils
LogPluginManager: Mounting plugin OodleData
LogPluginManager: Mounting plugin OodleNetwork
LogPluginManager: Mounting plugin LuminPlatformFeatures
LogPluginManager: Mounting plugin Niagara
LogPluginManager: Mounting plugin MagicLeap
LogPluginManager: Mounting plugin MagicLeapLightEstimation
LogPluginManager: Mounting plugin MagicLeapMedia
LogPluginManager: Mounting plugin MagicLeapPassableWorld
LogPluginManager: Mounting plugin MLSDK
LogPluginManager: Mounting plugin AlembicImporter
LogPluginManager: Mounting plugin AutomationUtils
LogPluginManager: Mounting plugin BackChannel
LogPluginManager: Mounting plugin ChaosCloth
LogPluginManager: Mounting plugin ChaosEditor
LogPluginManager: Mounting plugin ChaosClothEditor
LogPluginManager: Mounting plugin ChaosNiagara
LogPluginManager: Mounting plugin ChaosSolverPlugin
LogPluginManager: Mounting plugin CharacterAI
LogPluginManager: Mounting plugin AndroidMedia
LogPluginManager: Mounting plugin GeometryCache
LogPluginManager: Mounting plugin GeometryCollectionPlugin
LogPluginManager: Mounting plugin AvfMedia
LogPluginManager: Mounting plugin ImgMedia
LogPluginManager: Mounting plugin GeometryProcessing
LogPluginManager: Mounting plugin TcpMessaging
LogPluginManager: Mounting plugin UdpMessaging
LogPluginManager: Mounting plugin MediaCompositing
LogPluginManager: Mounting plugin MediaPlayerEditor
LogPluginManager: Mounting plugin WmfMedia
LogPluginManager: Mounting plugin WebMMedia
LogPluginManager: Mounting plugin PlanarCut
LogPluginManager: Mounting plugin MotoSynth
LogPluginManager: Mounting plugin OpenImageDenoise
LogPluginManager: Mounting plugin ProxyLODPlugin
LogPluginManager: Mounting plugin PlatformCrypto
LogPluginManager: Mounting plugin PythonScriptPlugin
LogPluginManager: Mounting plugin ActorSequence
LogPluginManager: Mounting plugin MatineeToLevelSequence
LogPluginManager: Mounting plugin SkeletalReduction
LogPluginManager: Mounting plugin TemplateSequence
LogPluginManager: Mounting plugin OnlineSubsystem
LogPluginManager: Mounting plugin OnlineSubsystemNull
LogPluginManager: Mounting plugin OnlineSubsystemUtils
LogPluginManager: Mounting plugin LevelSequenceEditor
LogPluginManager: Mounting plugin ActorLayerUtilities
LogPluginManager: Mounting plugin AndroidDeviceProfileSelector
LogPluginManager: Mounting plugin AndroidMoviePlayer
LogPluginManager: Mounting plugin AppleImageUtils
LogPluginManager: Mounting plugin ArchVisCharacter
LogPluginManager: Mounting plugin AssetTags
LogPluginManager: Mounting plugin AndroidPermission
LogPluginManager: Mounting plugin AudioSynesthesia
LogPluginManager: Mounting plugin AudioCapture
LogPluginManager: Mounting plugin AppleMoviePlayer
LogPluginManager: Mounting plugin CableComponent
LogPluginManager: Mounting plugin ChunkDownloader
LogPluginManager: Mounting plugin CustomMeshComponent
LogPluginManager: Mounting plugin EditableMesh
LogPluginManager: Mounting plugin ExampleDeviceProfileSelector
LogPluginManager: Mounting plugin GoogleCloudMessaging
LogPluginManager: Mounting plugin GooglePAD
LogPluginManager: Mounting plugin LauncherChunkInstaller
LogPluginManager: Mounting plugin IOSDeviceProfileSelector
LogPluginManager: Mounting plugin LinuxDeviceProfileSelector
LogPluginManager: Mounting plugin LocationServicesBPLibrary
LogPluginManager: Mounting plugin MobilePatchingUtils
LogPluginManager: Mounting plugin OpenXREyeTracker
LogPluginManager: Mounting plugin OpenXR
LogPluginManager: Mounting plugin OpenXRHandTracking
LogPluginManager: Mounting plugin PhysXVehicles
LogPluginManager: Mounting plugin PostSplashScreen
LogPluginManager: Mounting plugin ProceduralMeshComponent
LogPluginManager: Mounting plugin PropertyAccessEditor
LogPluginManager: Mounting plugin RuntimePhysXCooking
LogPluginManager: Mounting plugin SignificanceManager
LogPluginManager: Mounting plugin SoundFields
LogPluginManager: Mounting plugin Synthesis
LogPluginManager: Mounting plugin WebMMoviePlayer
LogPluginManager: Mounting plugin WindowsMoviePlayer
LogPluginManager: Mounting plugin ScreenshotTools
LogPluginManager: Mounting plugin Takes
LogPluginManager: Mounting plugin AssetManagerEditor
LogPluginManager: Mounting plugin FacialAnimation
LogPluginManager: Mounting plugin DataValidation
LogPluginManager: Mounting plugin GameplayTagsEditor
LogPluginManager: Mounting plugin CurveEditorTools
LogPluginManager: Mounting plugin CryptoKeys
LogPluginManager: Mounting plugin GeometryMode
LogPluginManager: Mounting plugin MacGraphicsSwitching
LogPluginManager: Mounting plugin PluginBrowser
LogPluginManager: Mounting plugin MobileLauncherProfileWizard
LogPluginManager: Mounting plugin MaterialAnalyzer
LogPluginManager: Mounting plugin SpeedTreeImporter
LogPluginManager: Mounting plugin OnlineSubsystemIOS
LogPluginManager: Mounting plugin OnlineSubsystemGooglePlay
LogPluginManager: Mounting plugin OculusVR
LogPluginManager: Mounting plugin SteamVR
LogPluginManager: Mounting plugin ContentBrowserAssetDataSource
LogPluginManager: Mounting plugin ContentBrowserClassDataSource
LogPluginManager: Mounting plugin ContentBrowserFileDataSource
PixWinPlugin: PIX capture plugin failed to initialize! Check that the process is launched from PIX.
LogLuminAPIImpl: Warning: MLSDK not found.  This likely means the MLSDK environment variable is not set.
LogInit: Using libcurl 7.55.1-DEV
LogInit:  - built for x86_64-pc-win32
LogInit:  - supports SSL with OpenSSL/1.1.1
LogInit:  - supports HTTP deflate (compression) using libz 1.2.8
LogInit:  - other features:
LogInit:      CURL_VERSION_SSL
LogInit:      CURL_VERSION_LIBZ
LogInit:      CURL_VERSION_IPV6
LogInit:      CURL_VERSION_ASYNCHDNS
LogInit:      CURL_VERSION_LARGEFILE
LogInit:      CURL_VERSION_IDN
LogInit:  CurlRequestOptions (configurable via config and command line):
LogInit:  - bVerifyPeer = true  - Libcurl will verify peer certificate
LogInit:  - bUseHttpProxy = false  - Libcurl will NOT use HTTP proxy
LogInit:  - bDontReuseConnections = false  - Libcurl will reuse connections
LogInit:  - MaxHostConnections = 16  - Libcurl will limit the number of connections to a host
LogInit:  - LocalHostAddr = Default
LogInit:  - BufferSize = 65536
LogOnline: OSS: Creating online subsystem instance for: NULL
LogInit: WinSock: version 1.1 (2.2), MaxSocks=32767, MaxUdp=65467
LogOnline: OSS: TryLoadSubsystemAndSetDefault: Loaded subsystem for module [NULL]
LogOculusPluginWrapper: OculusPlugin initialized successfully
LogHMD: Failed initializing OVRPlugin 1.59.0
LogInit: Build: ++UE4+Release-4.27-CL-18319896
LogInit: Engine Version: 4.27.2-18319896+++UE4+Release-4.27
LogInit: Compatible Engine Version: 4.27.0-17155196+++UE4+Release-4.27
LogInit: Net CL: 17155196
LogInit: OS: Windows 10 (Release 2009) (), CPU: AMD Ryzen 7 PRO 4750U with Radeon Graphics, GPU: AMD Radeon(TM) Graphics
LogInit: Compiled (64-bit): Nov 30 2021 07:12:08
LogInit: Compiled with Visual C++: 19.24.28315.00
LogInit: Build Configuration: Development
LogInit: Branch Name: ++UE4+Release-4.27
LogInit: Command Line: 
LogInit: Base Directory: D:/Program Files/Epic Games/UE_4.27/Engine/Binaries/Win64/
LogInit: Allocator: TBB
LogInit: Installed Engine Build: 1
LogDevObjectVersion: Number of dev versions registered: 29
LogDevObjectVersion:   Dev-Blueprints (B0D832E4-1F89-4F0D-ACCF-7EB736FD4AA2): 10
LogDevObjectVersion:   Dev-Build (E1C64328-A22C-4D53-A36C-8E866417BD8C): 0
LogDevObjectVersion:   Dev-Core (375EC13C-06E4-48FB-B500-84F0262A717E): 4
LogDevObjectVersion:   Dev-Editor (E4B068ED-F494-42E9-A231-DA0B2E46BB41): 40
LogDevObjectVersion:   Dev-Framework (CFFC743F-43B0-4480-9391-14DF171D2073): 37
LogDevObjectVersion:   Dev-Mobile (B02B49B5-BB20-44E9-A304-32B752E40360): 3
LogDevObjectVersion:   Dev-Networking (A4E4105C-59A1-49B5-A7C5-40C4547EDFEE): 0
LogDevObjectVersion:   Dev-Online (39C831C9-5AE6-47DC-9A44-9C173E1C8E7C): 0
LogDevObjectVersion:   Dev-Physics (78F01B33-EBEA-4F98-B9B4-84EACCB95AA2): 14
LogDevObjectVersion:   Dev-Platform (6631380F-2D4D-43E0-8009-CF276956A95A): 0
LogDevObjectVersion:   Dev-Rendering (12F88B9F-8875-4AFC-A67C-D90C383ABD29): 45
LogDevObjectVersion:   Dev-Sequencer (7B5AE74C-D270-4C10-A958-57980B212A5A): 13
LogDevObjectVersion:   Dev-VR (D7296918-1DD6-4BDD-9DE2-64A83CC13884): 3
LogDevObjectVersion:   Dev-LoadTimes (C2A15278-BFE7-4AFE-6C17-90FF531DF755): 1
LogDevObjectVersion:   Private-Geometry (6EACA3D4-40EC-4CC1-B786-8BED09428FC5): 3
LogDevObjectVersion:   Dev-AnimPhys (29E575DD-E0A3-4627-9D10-D276232CDCEA): 17
LogDevObjectVersion:   Dev-Anim (AF43A65D-7FD3-4947-9873-3E8ED9C1BB05): 15
LogDevObjectVersion:   Dev-ReflectionCapture (6B266CEC-1EC7-4B8F-A30B-E4D90942FC07): 1
LogDevObjectVersion:   Dev-Automation (0DF73D61-A23F-47EA-B727-89E90C41499A): 1
LogDevObjectVersion:   FortniteMain (601D1886-AC64-4F84-AA16-D3DE0DEAC7D6): 47
LogDevObjectVersion:   FortniteRelease (E7086368-6B23-4C58-8439-1B7016265E91): 1
LogDevObjectVersion:   Dev-Enterprise (9DFFBCD6-494F-0158-E221-12823C92A888): 10
LogDevObjectVersion:   Dev-Niagara (F2AED0AC-9AFE-416F-8664-AA7FFA26D6FC): 1
LogDevObjectVersion:   Dev-Destruction (174F1F0B-B4C6-45A5-B13F-2EE8D0FB917D): 10
LogDevObjectVersion:   Dev-Physics-Ext (35F94A83-E258-406C-A318-09F59610247C): 41
LogDevObjectVersion:   Dev-PhysicsMaterial-Chaos (B68FC16E-8B1B-42E2-B453-215C058844FE): 1
LogDevObjectVersion:   Dev-CineCamera (B2E18506-4273-CFC2-A54E-F4BB758BBA07): 1
LogDevObjectVersion:   Dev-VirtualProduction (64F58936-FD1B-42BA-BA96-7289D5D0FA4E): 1
LogDevObjectVersion:   Dev-MediaFramework (6F0ED827-A609-4895-9C91-998D90180EA4): 2
LogInit: Presizing for max 25165824 objects, including 0 objects not considered by GC, pre-allocating 0 bytes for permanent pool.
LogConfig: Applying CVar settings from Section [/Script/Engine.StreamingSettings] File [D:/GitHub/BallRunner/BallRunner/Saved/Config/Windows/Engine.ini]
LogConfig: Setting CVar [[s.MinBulkDataSizeForAsyncLoading:131072]]
LogConfig: Setting CVar [[s.AsyncLoadingThreadEnabled:0]]
LogConfig: Setting CVar [[s.EventDrivenLoaderEnabled:1]]
LogConfig: Setting CVar [[s.WarnIfTimeLimitExceeded:0]]
LogConfig: Setting CVar [[s.TimeLimitExceededMultiplier:1.5]]
LogConfig: Setting CVar [[s.TimeLimitExceededMinTime:0.005]]
LogConfig: Setting CVar [[s.UseBackgroundLevelStreaming:1]]
LogConfig: Setting CVar [[s.PriorityAsyncLoadingExtraTime:15.0]]
LogConfig: Setting CVar [[s.LevelStreamingActorsUpdateTimeLimit:5.0]]
LogConfig: Setting CVar [[s.PriorityLevelStreamingActorsUpdateExtraTime:5.0]]
LogConfig: Setting CVar [[s.LevelStreamingComponentsRegistrationGranularity:10]]
LogConfig: Setting CVar [[s.UnregisterComponentsTimeLimit:1.0]]
LogConfig: Setting CVar [[s.LevelStreamingComponentsUnregistrationGranularity:5]]
LogConfig: Setting CVar [[s.FlushStreamingOnExit:1]]
LogInit: Object subsystem initialized
LogConfig: Setting CVar [[con.DebugEarlyDefault:1]]
LogConfig: Setting CVar [[r.setres:1280x720]]
[2025.01.07-16.23.45:754][  0]LogConfig: Setting CVar [[r.VSync:0]]
[2025.01.07-16.23.45:754][  0]LogConfig: Setting CVar [[r.RHICmdBypass:0]]
[2025.01.07-16.23.45:754][  0]LogConfig: Applying CVar settings from Section [/Script/Engine.RendererSettings] File [D:/GitHub/BallRunner/BallRunner/Saved/Config/Windows/Engine.ini]
[2025.01.07-16.23.45:754][  0]LogConfig: Setting CVar [[r.GPUCrashDebugging:0]]
[2025.01.07-16.23.45:754][  0]LogConfig: Applying CVar settings from Section [/Script/Engine.RendererOverrideSettings] File [D:/GitHub/BallRunner/BallRunner/Saved/Config/Windows/Engine.ini]
[2025.01.07-16.23.45:754][  0]LogConfig: Applying CVar settings from Section [/Script/Engine.StreamingSettings] File [D:/GitHub/BallRunner/BallRunner/Saved/Config/Windows/Engine.ini]
[2025.01.07-16.23.45:754][  0]LogConfig: Setting CVar [[s.MinBulkDataSizeForAsyncLoading:131072]]
[2025.01.07-16.23.45:754][  0]LogConfig: Setting CVar [[s.AsyncLoadingThreadEnabled:0]]
[2025.01.07-16.23.45:754][  0]LogConfig: Setting CVar [[s.EventDrivenLoaderEnabled:1]]
[2025.01.07-16.23.45:754][  0]LogConfig: Setting CVar [[s.WarnIfTimeLimitExceeded:0]]
[2025.01.07-16.23.45:754][  0]LogConfig: Setting CVar [[s.TimeLimitExceededMultiplier:1.5]]
[2025.01.07-16.23.45:754][  0]LogConfig: Setting CVar [[s.TimeLimitExceededMinTime:0.005]]
[2025.01.07-16.23.45:754][  0]LogConfig: Setting CVar [[s.UseBackgroundLevelStreaming:1]]
[2025.01.07-16.23.45:754][  0]LogConfig: Setting CVar [[s.PriorityAsyncLoadingExtraTime:15.0]]
[2025.01.07-16.23.45:754][  0]LogConfig: Setting CVar [[s.LevelStreamingActorsUpdateTimeLimit:5.0]]
[2025.01.07-16.23.45:754][  0]LogConfig: Setting CVar [[s.PriorityLevelStreamingActorsUpdateExtraTime:5.0]]
[2025.01.07-16.23.45:754][  0]LogConfig: Setting CVar [[s.LevelStreamingComponentsRegistrationGranularity:10]]
[2025.01.07-16.23.45:754][  0]LogConfig: Setting CVar [[s.UnregisterComponentsTimeLimit:1.0]]
[2025.01.07-16.23.45:754][  0]LogConfig: Setting CVar [[s.LevelStreamingComponentsUnregistrationGranularity:5]]
[2025.01.07-16.23.45:754][  0]LogConfig: Setting CVar [[s.FlushStreamingOnExit:1]]
[2025.01.07-16.23.45:754][  0]LogConfig: Applying CVar settings from Section [/Script/Engine.GarbageCollectionSettings] File [D:/GitHub/BallRunner/BallRunner/Saved/Config/Windows/Engine.ini]
[2025.01.07-16.23.45:754][  0]LogConfig: Setting CVar [[gc.MaxObjectsNotConsideredByGC:1]]
[2025.01.07-16.23.45:754][  0]LogConfig: Setting CVar [[gc.SizeOfPermanentObjectPool:0]]
[2025.01.07-16.23.45:754][  0]LogConfig: Setting CVar [[gc.FlushStreamingOnGC:0]]
[2025.01.07-16.23.45:754][  0]LogConfig: Setting CVar [[gc.NumRetriesBeforeForcingGC:10]]
[2025.01.07-16.23.45:754][  0]LogConfig: Setting CVar [[gc.AllowParallelGC:1]]
[2025.01.07-16.23.45:754][  0]LogConfig: Setting CVar [[gc.TimeBetweenPurgingPendingKillObjects:61.1]]
[2025.01.07-16.23.45:754][  0]LogConfig: Setting CVar [[gc.MaxObjectsInEditor:25165824]]
[2025.01.07-16.23.45:754][  0]LogConfig: Setting CVar [[gc.IncrementalBeginDestroyEnabled:1]]
[2025.01.07-16.23.45:754][  0]LogConfig: Setting CVar [[gc.CreateGCClusters:1]]
[2025.01.07-16.23.45:754][  0]LogConfig: Setting CVar [[gc.MinGCClusterSize:5]]
[2025.01.07-16.23.45:754][  0]LogConfig: Setting CVar [[gc.ActorClusteringEnabled:0]]
[2025.01.07-16.23.45:754][  0]LogConfig: Setting CVar [[gc.BlueprintClusteringEnabled:0]]
[2025.01.07-16.23.45:754][  0]LogConfig: Setting CVar [[gc.UseDisregardForGCOnDedicatedServers:0]]
[2025.01.07-16.23.45:754][  0]LogConfig: Setting CVar [[gc.MultithreadedDestructionEnabled:1]]
[2025.01.07-16.23.45:755][  0]LogConfig: Applying CVar settings from Section [/Script/Engine.NetworkSettings] File [D:/GitHub/BallRunner/BallRunner/Saved/Config/Windows/Engine.ini]
[2025.01.07-16.23.45:755][  0]LogConfig: Applying CVar settings from Section [/Script/UnrealEd.CookerSettings] File [D:/GitHub/BallRunner/BallRunner/Saved/Config/Windows/Engine.ini]
[2025.01.07-16.23.45:761][  0]LogConfig: Applying CVar settings from Section [ViewDistanceQuality@3] File [D:/GitHub/BallRunner/BallRunner/Saved/Config/Windows/Scalability.ini]
[2025.01.07-16.23.45:761][  0]LogConfig: Setting CVar [[r.SkeletalMeshLODBias:0]]
[2025.01.07-16.23.45:761][  0]LogConfig: Setting CVar [[r.ViewDistanceScale:1.0]]
[2025.01.07-16.23.45:761][  0]LogConfig: Applying CVar settings from Section [AntiAliasingQuality@3] File [D:/GitHub/BallRunner/BallRunner/Saved/Config/Windows/Scalability.ini]
[2025.01.07-16.23.45:761][  0]LogConfig: Setting CVar [[r.PostProcessAAQuality:4]]
[2025.01.07-16.23.45:761][  0]LogConfig: Applying CVar settings from Section [ShadowQuality@3] File [D:/GitHub/BallRunner/BallRunner/Saved/Config/Windows/Scalability.ini]
[2025.01.07-16.23.45:761][  0]LogConfig: Setting CVar [[r.LightFunctionQuality:1]]
[2025.01.07-16.23.45:761][  0]LogConfig: Setting CVar [[r.ShadowQuality:5]]
[2025.01.07-16.23.45:761][  0]LogConfig: Setting CVar [[r.Shadow.CSM.MaxCascades:10]]
[2025.01.07-16.23.45:761][  0]LogConfig: Setting CVar [[r.Shadow.MaxResolution:2048]]
[2025.01.07-16.23.45:761][  0]LogConfig: Setting CVar [[r.Shadow.MaxCSMResolution:2048]]
[2025.01.07-16.23.45:761][  0]LogConfig: Setting CVar [[r.Shadow.RadiusThreshold:0.01]]
[2025.01.07-16.23.45:761][  0]LogConfig: Setting CVar [[r.Shadow.DistanceScale:1.0]]
[2025.01.07-16.23.45:761][  0]LogConfig: Setting CVar [[r.Shadow.CSM.TransitionScale:1.0]]
[2025.01.07-16.23.45:762][  0]LogConfig: Setting CVar [[r.Shadow.PreShadowResolutionFactor:1.0]]
[2025.01.07-16.23.45:762][  0]LogConfig: Setting CVar [[r.DistanceFieldShadowing:1]]
[2025.01.07-16.23.45:762][  0]LogConfig: Setting CVar [[r.DistanceFieldAO:1]]
[2025.01.07-16.23.45:762][  0]LogConfig: Setting CVar [[r.AOQuality:2]]
[2025.01.07-16.23.45:762][  0]LogConfig: Setting CVar [[r.VolumetricFog:1]]
[2025.01.07-16.23.45:762][  0]LogConfig: Setting CVar [[r.VolumetricFog.GridPixelSize:8]]
[2025.01.07-16.23.45:762][  0]LogConfig: Setting CVar [[r.VolumetricFog.GridSizeZ:128]]
[2025.01.07-16.23.45:762][  0]LogConfig: Setting CVar [[r.VolumetricFog.HistoryMissSupersampleCount:4]]
[2025.01.07-16.23.45:762][  0]LogConfig: Setting CVar [[r.LightMaxDrawDistanceScale:1]]
[2025.01.07-16.23.45:762][  0]LogConfig: Setting CVar [[r.CapsuleShadows:1]]
[2025.01.07-16.23.45:762][  0]LogConfig: Applying CVar settings from Section [PostProcessQuality@3] File [D:/GitHub/BallRunner/BallRunner/Saved/Config/Windows/Scalability.ini]
[2025.01.07-16.23.45:762][  0]LogConfig: Setting CVar [[r.MotionBlurQuality:4]]
[2025.01.07-16.23.45:762][  0]LogConfig: Setting CVar [[r.AmbientOcclusionMipLevelFactor:0.4]]
[2025.01.07-16.23.45:762][  0]LogConfig: Setting CVar [[r.AmbientOcclusionMaxQuality:100]]
[2025.01.07-16.23.45:762][  0]LogConfig: Setting CVar [[r.AmbientOcclusionLevels:-1]]
[2025.01.07-16.23.45:762][  0]LogConfig: Setting CVar [[r.AmbientOcclusionRadiusScale:1.0]]
[2025.01.07-16.23.45:762][  0]LogConfig: Setting CVar [[r.DepthOfFieldQuality:2]]
[2025.01.07-16.23.45:762][  0]LogConfig: Setting CVar [[r.RenderTargetPoolMin:400]]
[2025.01.07-16.23.45:762][  0]LogConfig: Setting CVar [[r.LensFlareQuality:2]]
[2025.01.07-16.23.45:762][  0]LogConfig: Setting CVar [[r.SceneColorFringeQuality:1]]
[2025.01.07-16.23.45:762][  0]LogConfig: Setting CVar [[r.EyeAdaptationQuality:2]]
[2025.01.07-16.23.45:762][  0]LogConfig: Setting CVar [[r.BloomQuality:5]]
[2025.01.07-16.23.45:762][  0]LogConfig: Setting CVar [[r.FastBlurThreshold:100]]
[2025.01.07-16.23.45:762][  0]LogConfig: Setting CVar [[r.Upscale.Quality:3]]
[2025.01.07-16.23.45:762][  0]LogConfig: Setting CVar [[r.Tonemapper.GrainQuantization:1]]
[2025.01.07-16.23.45:762][  0]LogConfig: Setting CVar [[r.LightShaftQuality:1]]
[2025.01.07-16.23.45:762][  0]LogConfig: Setting CVar [[r.Filter.SizeScale:1]]
[2025.01.07-16.23.45:762][  0]LogConfig: Setting CVar [[r.Tonemapper.Quality:5]]
[2025.01.07-16.23.45:762][  0]LogConfig: Setting CVar [[r.DOF.Gather.AccumulatorQuality:1        ; higher gathering accumulator quality]]
[2025.01.07-16.23.45:762][  0]LogConfig: Setting CVar [[r.DOF.Gather.PostfilterMethod:1          ; Median3x3 postfilering method]]
[2025.01.07-16.23.45:762][  0]LogConfig: Setting CVar [[r.DOF.Gather.EnableBokehSettings:0       ; no bokeh simulation when gathering]]
[2025.01.07-16.23.45:762][  0]LogConfig: Setting CVar [[r.DOF.Gather.RingCount:4                 ; medium number of samples when gathering]]
[2025.01.07-16.23.45:762][  0]LogConfig: Setting CVar [[r.DOF.Scatter.ForegroundCompositing:1    ; additive foreground scattering]]
[2025.01.07-16.23.45:762][  0]LogConfig: Setting CVar [[r.DOF.Scatter.BackgroundCompositing:2    ; additive background scattering]]
[2025.01.07-16.23.45:762][  0]LogConfig: Setting CVar [[r.DOF.Scatter.EnableBokehSettings:1      ; bokeh simulation when scattering]]
[2025.01.07-16.23.45:762][  0]LogConfig: Setting CVar [[r.DOF.Scatter.MaxSpriteRatio:0.1         ; only a maximum of 10% of scattered bokeh]]
[2025.01.07-16.23.45:762][  0]LogConfig: Setting CVar [[r.DOF.Recombine.Quality:1                ; cheap slight out of focus]]
[2025.01.07-16.23.45:762][  0]LogConfig: Setting CVar [[r.DOF.Recombine.EnableBokehSettings:0    ; no bokeh simulation on slight out of focus]]
[2025.01.07-16.23.45:762][  0]LogConfig: Setting CVar [[r.DOF.TemporalAAQuality:1                ; more stable temporal accumulation]]
[2025.01.07-16.23.45:762][  0]LogConfig: Setting CVar [[r.DOF.Kernel.MaxForegroundRadius:0.025]]
[2025.01.07-16.23.45:762][  0]LogConfig: Setting CVar [[r.DOF.Kernel.MaxBackgroundRadius:0.025]]
[2025.01.07-16.23.45:762][  0]LogConfig: Applying CVar settings from Section [TextureQuality@3] File [D:/GitHub/BallRunner/BallRunner/Saved/Config/Windows/Scalability.ini]
[2025.01.07-16.23.45:762][  0]LogConfig: Setting CVar [[r.Streaming.MipBias:0]]
[2025.01.07-16.23.45:762][  0]LogConfig: Setting CVar [[r.Streaming.AmortizeCPUToGPUCopy:0]]
[2025.01.07-16.23.45:762][  0]LogConfig: Setting CVar [[r.Streaming.MaxNumTexturesToStreamPerFrame:0]]
[2025.01.07-16.23.45:762][  0]LogConfig: Setting CVar [[r.Streaming.Boost:1]]
[2025.01.07-16.23.45:762][  0]LogConfig: Setting CVar [[r.MaxAnisotropy:8]]
[2025.01.07-16.23.45:762][  0]LogConfig: Setting CVar [[r.VT.MaxAnisotropy:8]]
[2025.01.07-16.23.45:762][  0]LogConfig: Setting CVar [[r.Streaming.LimitPoolSizeToVRAM:0]]
[2025.01.07-16.23.45:762][  0]LogConfig: Setting CVar [[r.Streaming.PoolSize:1000]]
[2025.01.07-16.23.45:762][  0]LogConfig: Setting CVar [[r.Streaming.MaxEffectiveScreenSize:0]]
[2025.01.07-16.23.45:762][  0]LogConfig: Applying CVar settings from Section [EffectsQuality@3] File [D:/GitHub/BallRunner/BallRunner/Saved/Config/Windows/Scalability.ini]
[2025.01.07-16.23.45:762][  0]LogConfig: Setting CVar [[r.TranslucencyLightingVolumeDim:64]]
[2025.01.07-16.23.45:762][  0]LogConfig: Setting CVar [[r.RefractionQuality:2]]
[2025.01.07-16.23.45:762][  0]LogConfig: Setting CVar [[r.SSR.Quality:3]]
[2025.01.07-16.23.45:762][  0]LogConfig: Setting CVar [[r.SSR.HalfResSceneColor:0]]
[2025.01.07-16.23.45:762][  0]LogConfig: Setting CVar [[r.SceneColorFormat:4]]
[2025.01.07-16.23.45:762][  0]LogConfig: Setting CVar [[r.DetailMode:2]]
[2025.01.07-16.23.45:762][  0]LogConfig: Setting CVar [[r.TranslucencyVolumeBlur:1]]
[2025.01.07-16.23.45:762][  0]LogConfig: Setting CVar [[r.MaterialQualityLevel:1 ; High quality]]
[2025.01.07-16.23.45:762][  0]LogConfig: Setting CVar [[r.AnisotropicMaterials:1]]
[2025.01.07-16.23.45:762][  0]LogConfig: Setting CVar [[r.SSS.Scale:1]]
[2025.01.07-16.23.45:762][  0]LogConfig: Setting CVar [[r.SSS.SampleSet:2]]
[2025.01.07-16.23.45:762][  0]LogConfig: Setting CVar [[r.SSS.Quality:1]]
[2025.01.07-16.23.45:762][  0]LogConfig: Setting CVar [[r.SSS.HalfRes:0]]
[2025.01.07-16.23.45:762][  0]LogConfig: Setting CVar [[r.SSGI.Quality:3]]
[2025.01.07-16.23.45:762][  0]LogConfig: Setting CVar [[r.EmitterSpawnRateScale:1.0]]
[2025.01.07-16.23.45:762][  0]LogConfig: Setting CVar [[r.ParticleLightQuality:2]]
[2025.01.07-16.23.45:762][  0]LogConfig: Setting CVar [[r.SkyAtmosphere.AerialPerspectiveLUT.FastApplyOnOpaque:1 ; Always have FastSkyLUT 1 in this case to avoid wrong sky]]
[2025.01.07-16.23.45:762][  0]LogConfig: Setting CVar [[r.SkyAtmosphere.AerialPerspectiveLUT.SampleCountMaxPerSlice:4]]
[2025.01.07-16.23.45:762][  0]LogConfig: Setting CVar [[r.SkyAtmosphere.AerialPerspectiveLUT.DepthResolution:16.0]]
[2025.01.07-16.23.45:762][  0]LogConfig: Setting CVar [[r.SkyAtmosphere.FastSkyLUT:1]]
[2025.01.07-16.23.45:762][  0]LogConfig: Setting CVar [[r.SkyAtmosphere.FastSkyLUT.SampleCountMin:4.0]]
[2025.01.07-16.23.45:762][  0]LogConfig: Setting CVar [[r.SkyAtmosphere.FastSkyLUT.SampleCountMax:128.0]]
[2025.01.07-16.23.45:762][  0]LogConfig: Setting CVar [[r.SkyAtmosphere.SampleCountMin:4.0]]
[2025.01.07-16.23.45:762][  0]LogConfig: Setting CVar [[r.SkyAtmosphere.SampleCountMax:128.0]]
[2025.01.07-16.23.45:762][  0]LogConfig: Setting CVar [[r.SkyAtmosphere.TransmittanceLUT.UseSmallFormat:0]]
[2025.01.07-16.23.45:762][  0]LogConfig: Setting CVar [[r.SkyAtmosphere.TransmittanceLUT.SampleCount:10.0]]
[2025.01.07-16.23.45:762][  0]LogConfig: Setting CVar [[r.SkyAtmosphere.MultiScatteringLUT.SampleCount:15.0]]
[2025.01.07-16.23.45:762][  0]LogConfig: Setting CVar [[r.SkyLight.RealTimeReflectionCapture:1]]
[2025.01.07-16.23.45:762][  0]LogConfig: Applying CVar settings from Section [FoliageQuality@3] File [D:/GitHub/BallRunner/BallRunner/Saved/Config/Windows/Scalability.ini]
[2025.01.07-16.23.45:762][  0]LogConfig: Setting CVar [[foliage.DensityScale:1.0]]
[2025.01.07-16.23.45:762][  0]LogConfig: Setting CVar [[grass.DensityScale:1.0]]
[2025.01.07-16.23.45:762][  0]LogConfig: Applying CVar settings from Section [ShadingQuality@3] File [D:/GitHub/BallRunner/BallRunner/Saved/Config/Windows/Scalability.ini]
[2025.01.07-16.23.45:762][  0]LogConfig: Setting CVar [[r.HairStrands.SkyLighting.IntegrationType:2]]
[2025.01.07-16.23.45:762][  0]LogConfig: Setting CVar [[r.HairStrands.SkyAO.SampleCount:4]]
[2025.01.07-16.23.45:762][  0]LogConfig: Setting CVar [[r.HairStrands.Visibility.MSAA.SamplePerPixel:4]]
[2025.01.07-16.23.45:762][  0]LogInit: Selected Device Profile: [Windows]
[2025.01.07-16.23.45:762][  0]LogInit: Applying CVar settings loaded from the selected device profile: [Windows]
[2025.01.07-16.23.45:762][  0]LogHAL: Display: Platform has ~ 30 GB [32070086656 / 34359738368 / 30], which maps to Larger [LargestMinGB=32, LargerMinGB=12, DefaultMinGB=8, SmallerMinGB=6, SmallestMinGB=0)
[2025.01.07-16.23.45:763][  0]LogInit: Going up to parent DeviceProfile []
[2025.01.07-16.23.45:763][  0]LogConfig: Applying CVar settings from Section [ViewDistanceQuality@3] File [D:/GitHub/BallRunner/BallRunner/Saved/Config/Windows/Scalability.ini]
[2025.01.07-16.23.45:763][  0]LogConfig: Setting CVar [[r.SkeletalMeshLODBias:0]]
[2025.01.07-16.23.45:763][  0]LogConfig: Setting CVar [[r.ViewDistanceScale:1.0]]
[2025.01.07-16.23.45:763][  0]LogConfig: Applying CVar settings from Section [AntiAliasingQuality@3] File [D:/GitHub/BallRunner/BallRunner/Saved/Config/Windows/Scalability.ini]
[2025.01.07-16.23.45:763][  0]LogConfig: Setting CVar [[r.PostProcessAAQuality:4]]
[2025.01.07-16.23.45:763][  0]LogConfig: Applying CVar settings from Section [ShadowQuality@3] File [D:/GitHub/BallRunner/BallRunner/Saved/Config/Windows/Scalability.ini]
[2025.01.07-16.23.45:763][  0]LogConfig: Setting CVar [[r.LightFunctionQuality:1]]
[2025.01.07-16.23.45:763][  0]LogConfig: Setting CVar [[r.ShadowQuality:5]]
[2025.01.07-16.23.45:763][  0]LogConfig: Setting CVar [[r.Shadow.CSM.MaxCascades:10]]
[2025.01.07-16.23.45:763][  0]LogConfig: Setting CVar [[r.Shadow.MaxResolution:2048]]
[2025.01.07-16.23.45:763][  0]LogConfig: Setting CVar [[r.Shadow.MaxCSMResolution:2048]]
[2025.01.07-16.23.45:763][  0]LogConfig: Setting CVar [[r.Shadow.RadiusThreshold:0.01]]
[2025.01.07-16.23.45:763][  0]LogConfig: Setting CVar [[r.Shadow.DistanceScale:1.0]]
[2025.01.07-16.23.45:763][  0]LogConfig: Setting CVar [[r.Shadow.CSM.TransitionScale:1.0]]
[2025.01.07-16.23.45:763][  0]LogConfig: Setting CVar [[r.Shadow.PreShadowResolutionFactor:1.0]]
[2025.01.07-16.23.45:763][  0]LogConfig: Setting CVar [[r.DistanceFieldShadowing:1]]
[2025.01.07-16.23.45:763][  0]LogConfig: Setting CVar [[r.DistanceFieldAO:1]]
[2025.01.07-16.23.45:763][  0]LogConfig: Setting CVar [[r.AOQuality:2]]
[2025.01.07-16.23.45:763][  0]LogConfig: Setting CVar [[r.VolumetricFog:1]]
[2025.01.07-16.23.45:763][  0]LogConfig: Setting CVar [[r.VolumetricFog.GridPixelSize:8]]
[2025.01.07-16.23.45:763][  0]LogConfig: Setting CVar [[r.VolumetricFog.GridSizeZ:128]]
[2025.01.07-16.23.45:763][  0]LogConfig: Setting CVar [[r.VolumetricFog.HistoryMissSupersampleCount:4]]
[2025.01.07-16.23.45:763][  0]LogConfig: Setting CVar [[r.LightMaxDrawDistanceScale:1]]
[2025.01.07-16.23.45:763][  0]LogConfig: Setting CVar [[r.CapsuleShadows:1]]
[2025.01.07-16.23.45:763][  0]LogConfig: Applying CVar settings from Section [PostProcessQuality@3] File [D:/GitHub/BallRunner/BallRunner/Saved/Config/Windows/Scalability.ini]
[2025.01.07-16.23.45:763][  0]LogConfig: Setting CVar [[r.MotionBlurQuality:4]]
[2025.01.07-16.23.45:763][  0]LogConfig: Setting CVar [[r.AmbientOcclusionMipLevelFactor:0.4]]
[2025.01.07-16.23.45:763][  0]LogConfig: Setting CVar [[r.AmbientOcclusionMaxQuality:100]]
[2025.01.07-16.23.45:763][  0]LogConfig: Setting CVar [[r.AmbientOcclusionLevels:-1]]
[2025.01.07-16.23.45:763][  0]LogConfig: Setting CVar [[r.AmbientOcclusionRadiusScale:1.0]]
[2025.01.07-16.23.45:763][  0]LogConfig: Setting CVar [[r.DepthOfFieldQuality:2]]
[2025.01.07-16.23.45:763][  0]LogConfig: Setting CVar [[r.RenderTargetPoolMin:400]]
[2025.01.07-16.23.45:763][  0]LogConfig: Setting CVar [[r.LensFlareQuality:2]]
[2025.01.07-16.23.45:763][  0]LogConfig: Setting CVar [[r.SceneColorFringeQuality:1]]
[2025.01.07-16.23.45:763][  0]LogConfig: Setting CVar [[r.EyeAdaptationQuality:2]]
[2025.01.07-16.23.45:763][  0]LogConfig: Setting CVar [[r.BloomQuality:5]]
[2025.01.07-16.23.45:763][  0]LogConfig: Setting CVar [[r.FastBlurThreshold:100]]
[2025.01.07-16.23.45:763][  0]LogConfig: Setting CVar [[r.Upscale.Quality:3]]
[2025.01.07-16.23.45:763][  0]LogConfig: Setting CVar [[r.Tonemapper.GrainQuantization:1]]
[2025.01.07-16.23.45:763][  0]LogConfig: Setting CVar [[r.LightShaftQuality:1]]
[2025.01.07-16.23.45:763][  0]LogConfig: Setting CVar [[r.Filter.SizeScale:1]]
[2025.01.07-16.23.45:763][  0]LogConfig: Setting CVar [[r.Tonemapper.Quality:5]]
[2025.01.07-16.23.45:763][  0]LogConfig: Setting CVar [[r.DOF.Gather.AccumulatorQuality:1        ; higher gathering accumulator quality]]
[2025.01.07-16.23.45:763][  0]LogConfig: Setting CVar [[r.DOF.Gather.PostfilterMethod:1          ; Median3x3 postfilering method]]
[2025.01.07-16.23.45:763][  0]LogConfig: Setting CVar [[r.DOF.Gather.EnableBokehSettings:0       ; no bokeh simulation when gathering]]
[2025.01.07-16.23.45:763][  0]LogConfig: Setting CVar [[r.DOF.Gather.RingCount:4                 ; medium number of samples when gathering]]
[2025.01.07-16.23.45:763][  0]LogConfig: Setting CVar [[r.DOF.Scatter.ForegroundCompositing:1    ; additive foreground scattering]]
[2025.01.07-16.23.45:763][  0]LogConfig: Setting CVar [[r.DOF.Scatter.BackgroundCompositing:2    ; additive background scattering]]
[2025.01.07-16.23.45:763][  0]LogConfig: Setting CVar [[r.DOF.Scatter.EnableBokehSettings:1      ; bokeh simulation when scattering]]
[2025.01.07-16.23.45:763][  0]LogConfig: Setting CVar [[r.DOF.Scatter.MaxSpriteRatio:0.1         ; only a maximum of 10% of scattered bokeh]]
[2025.01.07-16.23.45:763][  0]LogConfig: Setting CVar [[r.DOF.Recombine.Quality:1                ; cheap slight out of focus]]
[2025.01.07-16.23.45:763][  0]LogConfig: Setting CVar [[r.DOF.Recombine.EnableBokehSettings:0    ; no bokeh simulation on slight out of focus]]
[2025.01.07-16.23.45:763][  0]LogConfig: Setting CVar [[r.DOF.TemporalAAQuality:1                ; more stable temporal accumulation]]
[2025.01.07-16.23.45:763][  0]LogConfig: Setting CVar [[r.DOF.Kernel.MaxForegroundRadius:0.025]]
[2025.01.07-16.23.45:763][  0]LogConfig: Setting CVar [[r.DOF.Kernel.MaxBackgroundRadius:0.025]]
[2025.01.07-16.23.45:763][  0]LogConfig: Applying CVar settings from Section [TextureQuality@3] File [D:/GitHub/BallRunner/BallRunner/Saved/Config/Windows/Scalability.ini]
[2025.01.07-16.23.45:763][  0]LogConfig: Setting CVar [[r.Streaming.MipBias:0]]
[2025.01.07-16.23.45:763][  0]LogConfig: Setting CVar [[r.Streaming.AmortizeCPUToGPUCopy:0]]
[2025.01.07-16.23.45:763][  0]LogConfig: Setting CVar [[r.Streaming.MaxNumTexturesToStreamPerFrame:0]]
[2025.01.07-16.23.45:763][  0]LogConfig: Setting CVar [[r.Streaming.Boost:1]]
[2025.01.07-16.23.45:763][  0]LogConfig: Setting CVar [[r.MaxAnisotropy:8]]
[2025.01.07-16.23.45:763][  0]LogConfig: Setting CVar [[r.VT.MaxAnisotropy:8]]
[2025.01.07-16.23.45:763][  0]LogConfig: Setting CVar [[r.Streaming.LimitPoolSizeToVRAM:0]]
[2025.01.07-16.23.45:763][  0]LogConfig: Setting CVar [[r.Streaming.PoolSize:1000]]
[2025.01.07-16.23.45:763][  0]LogConfig: Setting CVar [[r.Streaming.MaxEffectiveScreenSize:0]]
[2025.01.07-16.23.45:763][  0]LogConfig: Applying CVar settings from Section [EffectsQuality@3] File [D:/GitHub/BallRunner/BallRunner/Saved/Config/Windows/Scalability.ini]
[2025.01.07-16.23.45:763][  0]LogConfig: Setting CVar [[r.TranslucencyLightingVolumeDim:64]]
[2025.01.07-16.23.45:763][  0]LogConfig: Setting CVar [[r.RefractionQuality:2]]
[2025.01.07-16.23.45:763][  0]LogConfig: Setting CVar [[r.SSR.Quality:3]]
[2025.01.07-16.23.45:763][  0]LogConfig: Setting CVar [[r.SSR.HalfResSceneColor:0]]
[2025.01.07-16.23.45:763][  0]LogConfig: Setting CVar [[r.SceneColorFormat:4]]
[2025.01.07-16.23.45:763][  0]LogConfig: Setting CVar [[r.DetailMode:2]]
[2025.01.07-16.23.45:763][  0]LogConfig: Setting CVar [[r.TranslucencyVolumeBlur:1]]
[2025.01.07-16.23.45:763][  0]LogConfig: Setting CVar [[r.MaterialQualityLevel:1 ; High quality]]
[2025.01.07-16.23.45:763][  0]LogConfig: Setting CVar [[r.AnisotropicMaterials:1]]
[2025.01.07-16.23.45:763][  0]LogConfig: Setting CVar [[r.SSS.Scale:1]]
[2025.01.07-16.23.45:763][  0]LogConfig: Setting CVar [[r.SSS.SampleSet:2]]
[2025.01.07-16.23.45:763][  0]LogConfig: Setting CVar [[r.SSS.Quality:1]]
[2025.01.07-16.23.45:763][  0]LogConfig: Setting CVar [[r.SSS.HalfRes:0]]
[2025.01.07-16.23.45:763][  0]LogConfig: Setting CVar [[r.SSGI.Quality:3]]
[2025.01.07-16.23.45:763][  0]LogConfig: Setting CVar [[r.EmitterSpawnRateScale:1.0]]
[2025.01.07-16.23.45:763][  0]LogConfig: Setting CVar [[r.ParticleLightQuality:2]]
[2025.01.07-16.23.45:763][  0]LogConfig: Setting CVar [[r.SkyAtmosphere.AerialPerspectiveLUT.FastApplyOnOpaque:1 ; Always have FastSkyLUT 1 in this case to avoid wrong sky]]
[2025.01.07-16.23.45:763][  0]LogConfig: Setting CVar [[r.SkyAtmosphere.AerialPerspectiveLUT.SampleCountMaxPerSlice:4]]
[2025.01.07-16.23.45:763][  0]LogConfig: Setting CVar [[r.SkyAtmosphere.AerialPerspectiveLUT.DepthResolution:16.0]]
[2025.01.07-16.23.45:763][  0]LogConfig: Setting CVar [[r.SkyAtmosphere.FastSkyLUT:1]]
[2025.01.07-16.23.45:763][  0]LogConfig: Setting CVar [[r.SkyAtmosphere.FastSkyLUT.SampleCountMin:4.0]]
[2025.01.07-16.23.45:763][  0]LogConfig: Setting CVar [[r.SkyAtmosphere.FastSkyLUT.SampleCountMax:128.0]]
[2025.01.07-16.23.45:763][  0]LogConfig: Setting CVar [[r.SkyAtmosphere.SampleCountMin:4.0]]
[2025.01.07-16.23.45:763][  0]LogConfig: Setting CVar [[r.SkyAtmosphere.SampleCountMax:128.0]]
[2025.01.07-16.23.45:763][  0]LogConfig: Setting CVar [[r.SkyAtmosphere.TransmittanceLUT.UseSmallFormat:0]]
[2025.01.07-16.23.45:763][  0]LogConfig: Setting CVar [[r.SkyAtmosphere.TransmittanceLUT.SampleCount:10.0]]
[2025.01.07-16.23.45:763][  0]LogConfig: Setting CVar [[r.SkyAtmosphere.MultiScatteringLUT.SampleCount:15.0]]
[2025.01.07-16.23.45:763][  0]LogConfig: Setting CVar [[r.SkyLight.RealTimeReflectionCapture:1]]
[2025.01.07-16.23.45:763][  0]LogConfig: Applying CVar settings from Section [FoliageQuality@3] File [D:/GitHub/BallRunner/BallRunner/Saved/Config/Windows/Scalability.ini]
[2025.01.07-16.23.45:763][  0]LogConfig: Setting CVar [[foliage.DensityScale:1.0]]
[2025.01.07-16.23.45:763][  0]LogConfig: Setting CVar [[grass.DensityScale:1.0]]
[2025.01.07-16.23.45:763][  0]LogConfig: Applying CVar settings from Section [ShadingQuality@3] File [D:/GitHub/BallRunner/BallRunner/Saved/Config/Windows/Scalability.ini]
[2025.01.07-16.23.45:763][  0]LogConfig: Setting CVar [[r.HairStrands.SkyLighting.IntegrationType:2]]
[2025.01.07-16.23.45:763][  0]LogConfig: Setting CVar [[r.HairStrands.SkyAO.SampleCount:4]]
[2025.01.07-16.23.45:763][  0]LogConfig: Setting CVar [[r.HairStrands.Visibility.MSAA.SamplePerPixel:4]]
[2025.01.07-16.23.45:763][  0]LogConfig: Applying CVar settings from Section [Startup] File [../../../Engine/Config/ConsoleVariables.ini]
[2025.01.07-16.23.45:765][  0]LogConfig: Setting CVar [[net.UseAdaptiveNetUpdateFrequency:0]]
[2025.01.07-16.23.45:765][  0]LogConfig: Setting CVar [[p.chaos.AllowCreatePhysxBodies:1]]
[2025.01.07-16.23.45:765][  0]LogConfig: Setting CVar [[fx.SkipVectorVMBackendOptimizations:1]]
[2025.01.07-16.23.45:765][  0]LogConfig: Applying CVar settings from Section [ConsoleVariables] File [D:/GitHub/BallRunner/BallRunner/Saved/Config/Windows/Engine.ini]
[2025.01.07-16.23.45:765][  0]LogConfig: Applying CVar settings from Section [ConsoleVariables] File [D:/GitHub/BallRunner/BallRunner/Saved/Config/Windows/Editor.ini]
[2025.01.07-16.23.45:765][  0]LogInit: Computer: DESKTOP-QIVLS19
[2025.01.07-16.23.45:765][  0]LogInit: User: Arek
[2025.01.07-16.23.45:765][  0]LogInit: CPU Page size=4096, Cores=8
[2025.01.07-16.23.45:765][  0]LogInit: High frequency timer resolution =10.000000 MHz
[2025.01.07-16.23.45:765][  0]LogMemory: Memory total: Physical=29.9GB (30GB approx)
[2025.01.07-16.23.45:765][  0]LogMemory: Platform Memory Stats for Windows
[2025.01.07-16.23.45:765][  0]LogMemory: Process Physical Memory: 149.09 MB used, 149.09 MB peak
[2025.01.07-16.23.45:765][  0]LogMemory: Process Virtual Memory: 141.51 MB used, 141.51 MB peak
[2025.01.07-16.23.45:765][  0]LogMemory: Physical Memory: 8068.11 MB used,  22516.31 MB free, 30584.42 MB total
[2025.01.07-16.23.45:765][  0]LogMemory: Virtual Memory: 134196328.00 MB used,  21396.96 MB free, 134217728.00 MB total
[2025.01.07-16.23.45:770][  0]LogWindows: WindowsPlatformFeatures enabled
[2025.01.07-16.23.45:798][  0]LogInit: Physics initialised using underlying interface: PhysX
[2025.01.07-16.23.45:798][  0]LogInit: Using OS detected language (pl-PL).
[2025.01.07-16.23.45:798][  0]LogInit: Using OS detected locale (pl-PL).
[2025.01.07-16.23.45:800][  0]LogTextLocalizationManager: No specific localization for 'pl-PL' exists, so the 'pl' localization will be used.
[2025.01.07-16.23.45:801][  0]LogTextLocalizationResource: LocRes '../../../Engine/Content/Localization/Editor/pl/Editor.locres' could not be opened for reading!
[2025.01.07-16.23.45:801][  0]LogTextLocalizationResource: LocRes '../../../Engine/Content/Localization/EditorTutorials/pl/EditorTutorials.locres' could not be opened for reading!
[2025.01.07-16.23.45:801][  0]LogTextLocalizationResource: LocRes '../../../Engine/Content/Localization/Keywords/pl/Keywords.locres' could not be opened for reading!
[2025.01.07-16.23.45:801][  0]LogTextLocalizationResource: LocRes '../../../Engine/Content/Localization/Category/pl/Category.locres' could not be opened for reading!
[2025.01.07-16.23.45:801][  0]LogTextLocalizationResource: LocRes '../../../Engine/Content/Localization/ToolTips/pl/ToolTips.locres' could not be opened for reading!
[2025.01.07-16.23.45:801][  0]LogTextLocalizationResource: LocRes '../../../Engine/Content/Localization/PropertyNames/pl/PropertyNames.locres' could not be opened for reading!
[2025.01.07-16.23.45:801][  0]LogTextLocalizationResource: LocRes '../../../Engine/Content/Localization/Engine/pl/Engine.locres' could not be opened for reading!
[2025.01.07-16.23.45:802][  0]LogInit: Setting process to per monitor DPI aware
[2025.01.07-16.23.45:819][  0]LogWindowsTextInputMethodSystem: Display: IME system deactivated.
[2025.01.07-16.23.45:831][  0]LogSlate: New Slate User Created.  User Index 0, Is Virtual User: 0
[2025.01.07-16.23.45:831][  0]LogSlate: Slate User Registered.  User Index 0, Is Virtual User: 0
[2025.01.07-16.23.45:956][  0]LogD3D11RHI: Loaded GFSDK_Aftermath_Lib.x64.dll
[2025.01.07-16.23.45:959][  0]LogHMD: Failed to initialize OpenVR with code 110
[2025.01.07-16.23.45:959][  0]LogD3D11RHI: D3D11 min allowed feature level: 11_0
[2025.01.07-16.23.45:959][  0]LogD3D11RHI: D3D11 max allowed feature level: 11_0
[2025.01.07-16.23.45:959][  0]LogD3D11RHI: D3D11 adapters:
[2025.01.07-16.23.46:023][  0]LogD3D11RHI:    0. 'AMD Radeon(TM) Graphics' (Feature Level 11_0)
[2025.01.07-16.23.46:023][  0]LogD3D11RHI:       2031/0/15292 MB DedicatedVideo/DedicatedSystem/SharedSystem, Outputs:2, VendorId:0x1002
[2025.01.07-16.23.46:030][  0]LogD3D11RHI:    1. 'Microsoft Basic Render Driver' (Feature Level 11_0)
[2025.01.07-16.23.46:030][  0]LogD3D11RHI:       0/0/15292 MB DedicatedVideo/DedicatedSystem/SharedSystem, Outputs:0, VendorId:0x1414
[2025.01.07-16.23.46:030][  0]LogD3D11RHI: Chosen D3D11 Adapter:
[2025.01.07-16.23.46:030][  0]LogD3D11RHI:     Description : AMD Radeon(TM) Graphics
[2025.01.07-16.23.46:030][  0]LogD3D11RHI:     VendorId    : 1002
[2025.01.07-16.23.46:030][  0]LogD3D11RHI:     DeviceId    : 1636
[2025.01.07-16.23.46:030][  0]LogD3D11RHI:     SubSysId    : 507e17aa
[2025.01.07-16.23.46:030][  0]LogD3D11RHI:     Revision    : 00d1
[2025.01.07-16.23.46:030][  0]LogD3D11RHI:     DedicatedVideoMemory : 2130247680 bytes
[2025.01.07-16.23.46:030][  0]LogD3D11RHI:     DedicatedSystemMemory : 0 bytes
[2025.01.07-16.23.46:030][  0]LogD3D11RHI:     SharedSystemMemory : 16035043328 bytes
[2025.01.07-16.23.46:030][  0]LogD3D11RHI:     AdapterLuid : 0 98741
[2025.01.07-16.23.46:043][  0]LogD3D11RHI: Creating new Direct3DDevice
[2025.01.07-16.23.46:043][  0]LogD3D11RHI:     GPU DeviceId: 0x1636 (for the marketing name, search the web for "GPU Device Id")
[2025.01.07-16.23.46:043][  0]LogWindows: EnumDisplayDevices:
[2025.01.07-16.23.46:044][  0]LogWindows:    0. 'AMD Radeon(TM) Graphics' (P:0 D:1)
[2025.01.07-16.23.46:044][  0]LogWindows:    1. 'AMD Radeon(TM) Graphics' (P:1 D:1)
[2025.01.07-16.23.46:044][  0]LogWindows:    2. 'AMD Radeon(TM) Graphics' (P:0 D:0)
[2025.01.07-16.23.46:044][  0]LogWindows:    3. 'AMD Radeon(TM) Graphics' (P:0 D:0)
[2025.01.07-16.23.46:045][  0]LogWindows:    4. 'AMD Radeon(TM) Graphics' (P:0 D:0)
[2025.01.07-16.23.46:045][  0]LogWindows: DebugString: FoundDriverCount:5 
[2025.01.07-16.23.46:045][  0]LogD3D11RHI:     Adapter Name: AMD Radeon(TM) Graphics
[2025.01.07-16.23.46:045][  0]LogD3D11RHI:   Driver Version: AMD Software: Adrenalin Edition 23.19.14.07 (internal:31.0.21914.7005, unified:31.0.21914.7005)
[2025.01.07-16.23.46:045][  0]LogD3D11RHI:      Driver Date: 8-1-2024
[2025.01.07-16.23.46:045][  0]LogRHI: Texture pool is 11589 MB (70% of 16555 MB)
[2025.01.07-16.23.46:075][  0]LogD3D11RHI: Creating D3DDevice with AMD AGS, using adapter:
[2025.01.07-16.23.46:075][  0]LogD3D11RHI:     Description : AMD Radeon(TM) Graphics
[2025.01.07-16.23.46:075][  0]LogD3D11RHI:     VendorId    : 1002
[2025.01.07-16.23.46:075][  0]LogD3D11RHI:     DeviceId    : 1636
[2025.01.07-16.23.46:075][  0]LogD3D11RHI:     SubSysId    : 507e17aa
[2025.01.07-16.23.46:075][  0]LogD3D11RHI:     Revision    : 00d1
[2025.01.07-16.23.46:075][  0]LogD3D11RHI:     DedicatedVideoMemory : 2130247680 bytes
[2025.01.07-16.23.46:075][  0]LogD3D11RHI:     DedicatedSystemMemory : 0 bytes
[2025.01.07-16.23.46:075][  0]LogD3D11RHI:     SharedSystemMemory : 16035043328 bytes
[2025.01.07-16.23.46:075][  0]LogD3D11RHI:     AdapterLuid : 0 98741
[2025.01.07-16.23.46:131][  0]LogD3D11RHI: Created device via AGS, feature level 11_0, supported extensions 1fffffbf.
[2025.01.07-16.23.46:131][  0]LogD3D11RHI: RHI has support for 64 bit atomics
[2025.01.07-16.23.46:131][  0]LogD3D11RHI: Async texture creation enabled
[2025.01.07-16.23.46:131][  0]LogD3D11RHI: Array index from any shader is supported
[2025.01.07-16.23.46:145][  0]LogD3D11RHI: GPU Timing Frequency: 100.000000 (Debug: 2 1)
[2025.01.07-16.23.46:481][  0]LogTargetPlatformManager: Display: Loaded TargetPlatform 'AllDesktop'
[2025.01.07-16.23.46:504][  0]LogTargetPlatformManager: Display: Loaded TargetPlatform 'Android'
[2025.01.07-16.23.46:504][  0]LogTargetPlatformManager: Display: Loaded TargetPlatform 'Android_ASTC'
[2025.01.07-16.23.46:504][  0]LogTargetPlatformManager: Display: Loaded TargetPlatform 'Android_DXT'
[2025.01.07-16.23.46:504][  0]LogTargetPlatformManager: Display: Loaded TargetPlatform 'Android_ETC2'
[2025.01.07-16.23.46:504][  0]LogTargetPlatformManager: Display: Loaded TargetPlatform 'AndroidClient'
[2025.01.07-16.23.46:504][  0]LogTargetPlatformManager: Display: Loaded TargetPlatform 'Android_ASTCClient'
[2025.01.07-16.23.46:504][  0]LogTargetPlatformManager: Display: Loaded TargetPlatform 'Android_DXTClient'
[2025.01.07-16.23.46:504][  0]LogTargetPlatformManager: Display: Loaded TargetPlatform 'Android_ETC2Client'
[2025.01.07-16.23.46:504][  0]LogTargetPlatformManager: Display: Loaded TargetPlatform 'Android_Multi'
[2025.01.07-16.23.46:504][  0]LogTargetPlatformManager: Display: Loaded TargetPlatform 'Android_MultiClient'
[2025.01.07-16.23.46:527][  0]LogTargetPlatformManager: Display: Loaded TargetPlatform 'IOSClient'
[2025.01.07-16.23.46:527][  0]LogTargetPlatformManager: Display: Loaded TargetPlatform 'IOS'
[2025.01.07-16.23.46:537][  0]LogTargetPlatformManager: Display: Loaded TargetPlatform 'Linux'
[2025.01.07-16.23.46:545][  0]LogTargetPlatformManager: Display: Loaded TargetPlatform 'LinuxNoEditor'
[2025.01.07-16.23.46:551][  0]LogTargetPlatformManager: Display: Loaded TargetPlatform 'LinuxClient'
[2025.01.07-16.23.46:558][  0]LogTargetPlatformManager: Display: Loaded TargetPlatform 'LinuxServer'
[2025.01.07-16.23.46:569][  0]LogTargetPlatformManager: Display: Loaded TargetPlatform 'LinuxAArch64NoEditor'
[2025.01.07-16.23.46:575][  0]LogTargetPlatformManager: Display: Loaded TargetPlatform 'LinuxAArch64Client'
[2025.01.07-16.23.46:580][  0]LogTargetPlatformManager: Display: Loaded TargetPlatform 'LinuxAArch64Server'
[2025.01.07-16.23.46:608][  0]LogTargetPlatformManager: Display: Loaded TargetPlatform 'Lumin'
[2025.01.07-16.23.46:608][  0]LogTargetPlatformManager: Display: Loaded TargetPlatform 'LuminClient'
[2025.01.07-16.23.46:618][  0]LogTargetPlatformManager: Display: Loaded TargetPlatform 'MacNoEditor'
[2025.01.07-16.23.46:625][  0]LogTargetPlatformManager: Display: Loaded TargetPlatform 'Mac'
[2025.01.07-16.23.46:630][  0]LogTargetPlatformManager: Display: Loaded TargetPlatform 'MacClient'
[2025.01.07-16.23.46:638][  0]LogTargetPlatformManager: Display: Loaded TargetPlatform 'MacServer'
[2025.01.07-16.23.46:649][  0]LogTargetPlatformManager: Display: Loaded TargetPlatform 'TVOSClient'
[2025.01.07-16.23.46:649][  0]LogTargetPlatformManager: Display: Loaded TargetPlatform 'TVOS'
[2025.01.07-16.23.46:658][  0]LogTargetPlatformManager: Display: Loaded TargetPlatform 'WindowsNoEditor'
[2025.01.07-16.23.46:665][  0]LogTargetPlatformManager: Display: Loaded TargetPlatform 'Windows'
[2025.01.07-16.23.46:670][  0]LogTargetPlatformManager: Display: Loaded TargetPlatform 'WindowsClient'
[2025.01.07-16.23.46:675][  0]LogTargetPlatformManager: Display: Loaded TargetPlatform 'WindowsServer'
[2025.01.07-16.23.46:675][  0]LogTargetPlatformManager: Display: Building Assets For Windows
[2025.01.07-16.23.46:686][  0]LogAudioDebug: Display: Lib vorbis DLL was dynamically loaded.
[2025.01.07-16.23.46:723][  0]LogTextureFormatOodle: Display: Oodle Texture 2.9.0 init RDO Off
[2025.01.07-16.23.46:767][  0]LogRendererCore: Ray tracing is disabled. Reason: r.RayTracing=0.
[2025.01.07-16.23.46:767][  0]LogShaderCompilers: Guid format shader working directory is -2 characters bigger than the processId version (../../../../../../GitHub/BallRunner/BallRunner/Intermediate/Shaders/WorkingDirectory/11552/).
[2025.01.07-16.23.46:767][  0]LogShaderCompilers: Cleaned the shader compiler working directory 'C:/Users/Arek/AppData/Local/Temp/UnrealShaderWorkingDir/ACF1C9CE4E213FE053BA7D937DA3A5F5/'.
[2025.01.07-16.23.46:767][  0]LogXGEController: Cannot use XGE Controller as Incredibuild is not installed on this machine.
[2025.01.07-16.23.46:767][  0]LogShaderCompilers: Cannot use XGE Shader Compiler as Incredibuild is not installed on this machine.
[2025.01.07-16.23.46:767][  0]LogShaderCompilers: Display: Using Local Shader Compiler.
[2025.01.07-16.23.47:489][  0]LogDerivedDataCache: Display: Max Cache Size: 512 MB
[2025.01.07-16.23.47:569][  0]LogDerivedDataCache: Loaded boot cache 0.08s 94MB C:/Users/Arek/AppData/Local/UnrealEngine/4.27/DerivedDataCache/Boot.ddc.
[2025.01.07-16.23.47:570][  0]LogDerivedDataCache: Display: Loaded Boot cache: C:/Users/Arek/AppData/Local/UnrealEngine/4.27/DerivedDataCache/Boot.ddc
[2025.01.07-16.23.47:570][  0]LogDerivedDataCache: FDerivedDataBackendGraph:  Pak pak cache file ../../../../../../GitHub/BallRunner/BallRunner/DerivedDataCache/DDC.ddp not found, will not use a pak cache.
[2025.01.07-16.23.47:570][  0]LogDerivedDataCache: Unable to find inner node Pak for hierarchical cache Hierarchy.
[2025.01.07-16.23.47:570][  0]LogDerivedDataCache: FDerivedDataBackendGraph:  CompressedPak pak cache file ../../../../../../GitHub/BallRunner/BallRunner/DerivedDataCache/Compressed.ddp not found, will not use a pak cache.
[2025.01.07-16.23.47:570][  0]LogDerivedDataCache: Unable to find inner node CompressedPak for hierarchical cache Hierarchy.
[2025.01.07-16.23.47:590][  0]LogDerivedDataCache: Display: Pak cache opened for reading ../../../Engine/DerivedDataCache/Compressed.ddp.
[2025.01.07-16.23.47:590][  0]LogDerivedDataCache: FDerivedDataBackendGraph:  EnterprisePak pak cache file ../../../Enterprise/DerivedDataCache/Compressed.ddp not found, will not use a pak cache.
[2025.01.07-16.23.47:590][  0]LogDerivedDataCache: Unable to find inner node EnterprisePak for hierarchical cache Hierarchy.
[2025.01.07-16.23.47:606][  0]LogDerivedDataCache: Speed tests for C:/Users/Arek/AppData/Local/UnrealEngine/Common/DerivedDataCache took 0.02 seconds
[2025.01.07-16.23.47:606][  0]LogDerivedDataCache: Display: Performance to C:/Users/Arek/AppData/Local/UnrealEngine/Common/DerivedDataCache: Latency=0.03ms. RandomReadSpeed=885.33MBs, RandomWriteSpeed=65.16MBs. Assigned SpeedClass 'Local'
[2025.01.07-16.23.47:608][  0]LogDerivedDataCache: Using Local data cache path C:/Users/Arek/AppData/Local/UnrealEngine/Common/DerivedDataCache: Writable
[2025.01.07-16.23.47:608][  0]LogDerivedDataCache: Shared data cache path not found in *engine.ini, will not use an Shared cache.
[2025.01.07-16.23.47:608][  0]LogDerivedDataCache: Unable to find inner node Shared for hierarchical cache Hierarchy.
[2025.01.07-16.23.47:657][  0]LogSlate: Using FreeType 2.10.0
[2025.01.07-16.23.47:657][  0]LogSlate: SlateFontServices - WITH_FREETYPE: 1, WITH_HARFBUZZ: 1
[2025.01.07-16.23.47:682][  0]LogAssetRegistry: FAssetRegistry took 0.0037 seconds to start up
[2025.01.07-16.23.48:176][  0]LogInit: Selected Device Profile: [Windows]
[2025.01.07-16.23.48:176][  0]LogInit: Active device profile: [00000294F37AD400][00000294F0DA2580 49] Windows
[2025.01.07-16.23.48:176][  0]LogInit: Profiles: [00000294F37AD400][00000294F0DA2580 49] Windows, [00000294F3743F00][00000294F0DA66C0 49] WindowsNoEditor, [00000294F3753700][00000294F0DAE840 49] WindowsServer, [00000294F3743000][00000294F0DB29C0 49] WindowsClient, [00000294F3752F00][00000294F0DB6B40 49] IOS, [00000294F3740D00][00000294F0DBACC0 49] iPadAir, [00000294F3751100][00000294F0DBEE40 49] iPadAir2, [00000294F3708400][00000294F0DC7100 49] IPadPro, [00000294F3708500][00000294F0DC3140 49] iPadAir3, [00000294F3741200][00000294F0DCB2C0 49] iPadAir4, [00000294F370AF00][00000294F0DCF440 49] iPadMini2, [00000294F3742B00][00000294F0DD35C0 49] iPadMini3, [00000294F370AC00][00000294F0DD7740 49] iPadMini4, [00000294F3741600][00000294F0DDB8C0 49] iPadMini5, [00000294F36EFB00][00000294F0DE3B80 49] iPhone6, [00000294F36EFC00][00000294F0DDFBC0 49] iPodTouch6, [00000294F37AED00][00000294F0DEA300 49] iPhone7, [00000294F37AEE00][00000294F0DE6340 49] iPodTouch7, [00000294F36EC700][00000294F0DEE4C0 49] iPhone5S, [00000294F3708200][00000294F0DAA600 49] iPhone6Plus, [00000294F36EE000][00000294F0DF2740 49] iPhone6S, [00000294F3708300][00000294F0DF6880 49] iPhone6SPlus, [00000294F36ECA00][00000294F0DFA9C0 49] iPhone7Plus, [00000294F370B300][00000294F0E02B40 49] iPhoneSE, [00000294F37AF500][00000294F0E06CC0 49] iPhone8, [00000294F370AB00][00000294F0E0AE40 49] iPhone8Plus, [00000294F37AE300][00000294F1664FC0 49] iPhoneX, [00000294F3709300][00000294F1669140 49] iPhoneXS, [00000294F37ACC00][00000294F166D2C0 49] iPhoneXSMax, [00000294F3708A00][00000294F1671440 49] iPhoneXR, [00000294F37AE200][00000294F16755C0 49] iPhone11, [00000294F370A700][00000294F1679740 49] iPhone11Pro, [00000294F37AF300][00000294F167D8C0 49] iPhone11ProMax, [00000294F3709400][00000294F1681A40 49] iPhoneSE2, [00000294F37AE600][00000294F1685BC0 49] iPhone12Mini, [00000294F370B000][00000294F16881C0 49] iPhone12, [00000294F37AD900][00000294F168C340 49] iPhone12Pro, [00000294F370A100][00000294F16904C0 49] iPhone12ProMax, [00000294F37AD800][00000294F1694640 49] iPadPro105, [00000294F370A200][00000294F0DFE780 49] iPadPro129, [00000294F37AC700][00000294F16988C0 49] iPadPro97, [00000294F370A300][00000294F169CA00 49] iPadPro2_129, [00000294F37AEF00][00000294F16A0B40 49] iPad5, [00000294F3709100][00000294F16A8CC0 49] iPad6, [00000294F37ADB00][00000294F16ACE40 49] iPad7, [00000294F3709500][00000294F16B0FC0 49] iPad8, [00000294F37ACA00][00000294F16B5140 49] iPadPro11, [00000294F370A600][00000294F16B92C0 49] iPadPro2_11, [00000294F37AE900][00000294F16BD440 49] iPadPro3_129, [00000294F3709800][00000294F16C15C0 49] iPadPro4_129, [00000294F37AC600][00000294F16C5740 49] AppleTV, [00000294F370BE00][00000294F16C98C0 49] AppleTV4K, [00000294F37AD100][00000294F16CDA40 49] TVOS, [00000294F3708800][00000294F16D1BC0 49] Mac, [00000294F37AC800][00000294F16D41C0 49] MacClient, [00000294F370A900][00000294F16D8340 49] MacNoEditor, [00000294F37AEB00][00000294F16DC4C0 49] MacServer, [00000294F370A500][00000294F16E0640 49] Linux, [00000294F37AEA00][00000294F16E47C0 49] LinuxAArch64, [00000294F370BA00][00000294F16E8940 49] LinuxNoEditor, [00000294F37AC300][00000294F16A4A80 49] LinuxAArch64NoEditor, [00000294F3709900][00000294F16ECBC0 49] LinuxClient, [00000294F37ADF00][00000294F16F0D00 49] LinuxAArch64Client, [00000294F3708100][00000294F16F8E80 49] LinuxServer, [00000294F37AE800][00000294F16FD000 49] LinuxAArch64Server, [00000294F370AA00][00000294F1701180 49] Android, [00000294F3743D00][00000294F1705300 49] Android_Low, [00000294F36EE100][00000294F1709480 49] Android_Mid, [00000294F3742700][00000294F170D600 49] Android_High, [00000294F36EF800][00000294F1711780 49] Android_Default, [00000294F3742300][00000294F1715900 49] Android_Adreno4xx, [00000294F36EE300][00000294F1719A80 49] Android_Adreno5xx_Low, [00000294F3742100][00000294F171DC00 49] Android_Adreno5xx, [00000294F36ED700][00000294F1720200 49] Android_Adreno6xx, [00000294F3743200][00000294F1724380 49] Android_Adreno6xx_Vulkan, [00000294F36EF000][00000294F1728500 49] Android_Mali_T6xx, [00000294F3741000][00000294F172C680 49] Android_Mali_T7xx, [00000294F36EE400][00000294F1730800 49] Android_Mali_T8xx, [00000294F3740B00][00000294F1734980 49] Android_Mali_G71, [00000294F36ECB00][00000294F1738B00 49] Android_Mali_G72, [00000294F3743100][00000294F16F4C40 49] Android_Mali_G72_Vulkan, [00000294F36EF200][00000294F173CD80 49] Android_Mali_G76, [00000294F3743E00][00000294F1740EC0 49] Android_Mali_G76_Vulkan, [00000294F36EC900][00000294F1749040 49] Android_Mali_G77, [00000294F3743500][00000294F174D1C0 49] Android_Mali_G77_Vulkan, [00000294F36ECF00][00000294F1751340 49] Android_Mali_G78, [00000294F3741400][00000294F17554C0 49] Android_Mali_G78_Vulkan, [00000294F36EE900][00000294F1759640 49] Android_Mali_G710, [00000294F3741500][00000294F175D7C0 49] Android_Mali_G710_Vulkan, [00000294F36EF500][00000294F1761940 49] Android_Vulkan_SM5, [00000294F3740C00][00000294F1765AC0 49] Android_PowerVR_G6xxx, [00000294F36ED600][00000294F17680C0 49] Android_PowerVR_GT7xxx, [00000294F370A800][00000294F176C240 49] Android_PowerVR_GE8xxx, [00000294F36EDD00][00000294F17703C0 49] Android_PowerVR_GM9xxx, [00000294F3708D00][00000294F17B4540 49] Android_PowerVR_GM9xxx_Vulkan, [00000294F36EEA00][00000294F17B86C0 49] Android_TegraK1, [00000294F3708600][00000294F17BC840 49] Android_Unknown_Vulkan, [00000294F36ED900][00000294F17C09C0 49] Lumin, [00000294F3709600][00000294F17C4B40 49] Lumin_Desktop, [00000294F36EDF00][00000294F17C8CC0 49] HoloLens, 
[2025.01.07-16.23.48:440][  0]LogMeshReduction: Using QuadricMeshReduction for automatic static mesh reduction
[2025.01.07-16.23.48:440][  0]LogMeshReduction: Using SimplygonMeshReduction for automatic skeletal mesh reduction
[2025.01.07-16.23.48:440][  0]LogMeshReduction: Using ProxyLODMeshReduction for automatic mesh merging
[2025.01.07-16.23.48:440][  0]LogMeshReduction: No distributed automatic mesh merging module available
[2025.01.07-16.23.48:440][  0]LogMeshMerging: No distributed automatic mesh merging module available
[2025.01.07-16.23.48:467][  0]LogNetVersion: BallRunner 1.0.0, NetCL: 17155196, EngineNetVer: 17, GameNetVer: 0 (Checksum: 2764683990)
[2025.01.07-16.23.49:209][  0]LogTexture: Default maximum texture size for cubemaps generated from long-lat sources has been changed from 512 to unlimited. In order to preserve old behaiour for '/Engine/MapTemplates/Sky/DaylightAmbientCubemap.DaylightAmbientCubemap', its maximum texture size has been explicitly set to 512.
[2025.01.07-16.23.49:335][  0]LogHMD: PokeAHoleMaterial loaded successfully
[2025.01.07-16.23.49:351][  0]LogUObjectArray: 17178 objects as part of root set at end of initial load.
[2025.01.07-16.23.49:351][  0]LogUObjectAllocator: 4302048 out of 0 bytes used by permanent object pool.
[2025.01.07-16.23.49:351][  0]LogUObjectArray: CloseDisregardForGC: 0/0 objects in disregard for GC pool
[2025.01.07-16.23.49:772][  0]LogNiagaraDebuggerClient: Niagara Debugger Client Initialized | Session: A715DA68405305BE68615E8643AE678C | Instance: DEEE1D0242713E681D30948A97DC3B49 (DESKTOP-QIVLS19-11552).
[2025.01.07-16.23.50:045][  0]LogTcpMessaging: Initializing TcpMessaging bridge
[2025.01.07-16.23.50:079][  0]LogUdpMessaging: Initializing bridge on interface 0.0.0.0:0 to multicast group 230.0.0.1:6666.
[2025.01.07-16.23.50:113][  0]LogPython: Using Python 3.7.7
[2025.01.07-16.23.51:027][  0]SourceControl: Source control is disabled
[2025.01.07-16.23.51:027][  0]SourceControl: Source control is disabled
[2025.01.07-16.23.51:030][  0]SourceControl: Source control is disabled
[2025.01.07-16.23.51:036][  0]SourceControl: Source control is disabled
[2025.01.07-16.23.51:046][  0]SourceControl: Source control is disabled
[2025.01.07-16.23.51:049][  0]LogUProjectInfo: Found projects:
[2025.01.07-16.23.51:053][  0]LogVSAccessor: Display: Unable to create Visual Studio setup instance: 80040154
[2025.01.07-16.23.51:054][  0]LogVSAccessor: Display: Unable to create Visual Studio setup instance: 80040154
[2025.01.07-16.23.51:055][  0]LogVSAccessor: Display: Unable to create Visual Studio setup instance: 80040154
[2025.01.07-16.23.51:300][  0]LogOpenImageDenoise: OIDN starting up
[2025.01.07-16.23.51:342][  0]LogAndroidPermission: UAndroidPermissionCallbackProxy::GetInstance
[2025.01.07-16.23.51:350][  0]LogAudioCaptureCore: Display: No Audio Capture implementations found. Audio input will be silent.
[2025.01.07-16.23.51:350][  0]LogAudioCaptureCore: Display: No Audio Capture implementations found. Audio input will be silent.
[2025.01.07-16.23.51:569][  0]LogOcInput: OculusInput pre-init called
[2025.01.07-16.23.51:756][  0]LogCollectionManager: Loaded 0 collections in 0.000873 seconds
[2025.01.07-16.23.51:774][  0]LogFileCache: Scanning file cache for directory 'D:/GitHub/BallRunner/BallRunner/Saved/Collections/' took 0.00s
[2025.01.07-16.23.51:774][  0]LogFileCache: Scanning file cache for directory 'D:/GitHub/BallRunner/BallRunner/Content/Developers/Arek/Collections/' took 0.00s
[2025.01.07-16.23.51:774][  0]LogFileCache: Scanning file cache for directory 'D:/GitHub/BallRunner/BallRunner/Content/Collections/' took 0.00s
[2025.01.07-16.23.51:845][  0]LogEngine: Initializing Engine...
[2025.01.07-16.23.51:925][  0]LogHMD: Failed to enumerate extensions. Please check that you have a valid OpenXR runtime installed.
[2025.01.07-16.23.51:925][  0]LogHMD: Failed to initialize OpenVR with code 110
[2025.01.07-16.23.51:925][  0]LogMagicLeap: Warning: VR disabled because ZI is not enabled.  To enable, in the editor, Edit -> Project Settings -> Plugins -> Magic Leap Plugin -> Enable Zero Iteration
[2025.01.07-16.23.51:926][  0]LogStats: UGameplayTagsManager::InitializeManager -  0.000 s
[2025.01.07-16.23.52:060][  0]LogInit: Initializing FReadOnlyCVARCache
[2025.01.07-16.23.52:074][  0]LogAIModule: Creating AISystem for world Untitled
[2025.01.07-16.23.52:085][  0]LogAudio: Display: Initializing Audio Device Manager...
[2025.01.07-16.23.52:089][  0]LogAudio: Display: Loading Default Audio Settings Objects...
[2025.01.07-16.23.52:089][  0]LogAudio: Display: No default SoundConcurrencyObject specified (or failed to load).
[2025.01.07-16.23.52:089][  0]LogAudio: Display: Audio Device Manager Initialized
[2025.01.07-16.23.52:089][  0]LogAudio: Display: Creating Audio Device:                 Id: 1, Scope: Shared, Realtime: True
[2025.01.07-16.23.52:090][  0]LogAudioMixer: Display: Audio Mixer Platform Settings:
[2025.01.07-16.23.52:090][  0]LogAudioMixer: Display: 	Sample Rate:						  48000
[2025.01.07-16.23.52:090][  0]LogAudioMixer: Display: 	Callback Buffer Frame Size Requested: 1024
[2025.01.07-16.23.52:090][  0]LogAudioMixer: Display: 	Callback Buffer Frame Size To Use:	  1024
[2025.01.07-16.23.52:090][  0]LogAudioMixer: Display: 	Number of buffers to queue:			  2
[2025.01.07-16.23.52:090][  0]LogAudioMixer: Display: 	Max Channels (voices):				  32
[2025.01.07-16.23.52:090][  0]LogAudioMixer: Display: 	Number of Async Source Workers:		  0
[2025.01.07-16.23.52:090][  0]LogAudio: Display: AudioDevice MaxSources: 32
[2025.01.07-16.23.52:090][  0]LogAudio: Display: Audio Spatialization Plugin: None (built-in).
[2025.01.07-16.23.52:090][  0]LogAudio: Display: Audio Reverb Plugin: None (built-in).
[2025.01.07-16.23.52:090][  0]LogAudio: Display: Audio Occlusion Plugin: None (built-in).
[2025.01.07-16.23.52:090][  0]LogAudioMixer: Display: Initializing audio mixer.
[2025.01.07-16.23.52:102][  0]LogAudioMixer: Display: 0: FrontLeft
[2025.01.07-16.23.52:102][  0]LogAudioMixer: Display: 1: FrontRight
[2025.01.07-16.23.53:036][  0]LogAudioMixer: Display: Using Audio Device Słuchawki (Realtek(R) Audio)
[2025.01.07-16.23.53:038][  0]LogAudioMixer: Display: Initializing Sound Submixes...
[2025.01.07-16.23.53:040][  0]LogAudioMixer: Display: Creating Master Submix 'MasterSubmixDefault'
[2025.01.07-16.23.53:040][  0]LogAudioMixer: Display: Creating Master Submix 'MasterReverbSubmixDefault'
[2025.01.07-16.23.53:040][  0]LogAudioMixer: Display: Creating Master Submix 'MasterEQSubmixDefault'
[2025.01.07-16.23.53:041][  0]LogAudioMixer: FMixerPlatformXAudio2::StartAudioStream() called
[2025.01.07-16.23.53:041][  0]LogAudioMixer: Display: Output buffers initialized: Frames=1024, Channels=2, Samples=2048
[2025.01.07-16.23.53:043][  0]LogAudioMixer: Display: Starting AudioMixerPlatformInterface::RunInternal()
[2025.01.07-16.23.53:043][  0]LogAudioMixer: Display: FMixerPlatformXAudio2::SubmitBuffer() called for the first time
[2025.01.07-16.23.53:043][  0]LogInit: FAudioDevice initialized.
[2025.01.07-16.23.53:043][  0]LogAudio: Display: Audio Device (ID: 1) registered with world 'Untitled'.
[2025.01.07-16.23.53:043][  0]LogNetVersion: Set ProjectVersion to 1.0.0.0. Version Checksum will be recalculated on next use.
[2025.01.07-16.23.53:124][  0]LogDerivedDataCache: Saved boot cache 0.08s 94MB C:/Users/Arek/AppData/Local/UnrealEngine/4.27/DerivedDataCache/Boot.ddc.
[2025.01.07-16.23.53:124][  0]LogInit: Texture streaming: Enabled
[2025.01.07-16.23.53:142][  0]LogAnalytics: Display: [UEEditor.Rocket.Release] APIServer = https://datarouter.ol.epicgames.com/. AppVersion = 4.27.2-18319896+++UE4+Release-4.27
[2025.01.07-16.23.53:146][  0]LogEngineSessionManager: EngineSessionManager initialized
[2025.01.07-16.23.53:146][  0]LogEditorSessionSummary: Verbose: Initializing EditorSessionSummaryWriter for editor session tracking
[2025.01.07-16.23.53:147][  0]LogEditorSessionSummary: EditorSessionSummaryWriter initialized
[2025.01.07-16.23.53:175][  0]LogInit: Transaction tracking system initialized
[2025.01.07-16.23.53:206][  0]BlueprintLog: New page: Editor Load
[2025.01.07-16.23.53:308][  0]LocalizationService: Localization service is disabled
[2025.01.07-16.23.53:339][  0]TimingProfiler: Initialize
[2025.01.07-16.23.53:339][  0]TimingProfiler: OnSessionChanged
[2025.01.07-16.23.53:339][  0]LoadingProfiler: Initialize
[2025.01.07-16.23.53:339][  0]LoadingProfiler: OnSessionChanged
[2025.01.07-16.23.53:339][  0]NetworkingProfiler: Initialize
[2025.01.07-16.23.53:339][  0]NetworkingProfiler: OnSessionChanged
[2025.01.07-16.23.53:339][  0]MemoryProfiler: Initialize
[2025.01.07-16.23.53:339][  0]MemoryProfiler: OnSessionChanged
[2025.01.07-16.23.53:435][  0]LogVSAccessor: Display: Unable to create Visual Studio setup instance: 80040154
[2025.01.07-16.23.53:436][  0]LogVSAccessor: Display: Unable to create Visual Studio setup instance: 80040154
[2025.01.07-16.23.53:437][  0]LogVSAccessor: Display: Unable to create Visual Studio setup instance: 80040154
[2025.01.07-16.23.53:568][  0]LogCook: Display: CookSettings for Memory: MemoryMaxUsedVirtual 0MiB, MemoryMaxUsedPhysical 16384MiB, MemoryMinFreeVirtual 0MiB, MemoryMinFreePhysical 1024MiB
[2025.01.07-16.23.53:568][  0]LogCook: Display: Mobile HDR setting 1
[2025.01.07-16.23.53:837][  0]LogFileCache: Scanning file cache for directory 'D:/GitHub/BallRunner/BallRunner/Content/' took 0.00s
[2025.01.07-16.23.54:022][  0]LogInit: Display: Engine is initialized. Leaving FEngineLoop::Init()
[2025.01.07-16.23.54:026][  0]SourceControl: Source control is disabled
[2025.01.07-16.23.54:026][  0]LogUnrealEdMisc: Loading editor; pre map load, took 9.325
[2025.01.07-16.23.54:026][  0]Cmd: MAP LOAD FILE="../../../Engine/Content/Maps/Templates/Template_Default.umap" TEMPLATE=1 SHOWPROGRESS=1 FEATURELEVEL=3
[2025.01.07-16.23.54:027][  0]LightingResults: New page: Lighting Build
[2025.01.07-16.23.54:029][  0]LogWorld: UWorld::CleanupWorld for Untitled, bSessionEnded=true, bCleanupResources=true
[2025.01.07-16.23.54:029][  0]LogSlate: InvalidateAllWidgets triggered.  All widgets were invalidated
[2025.01.07-16.23.54:029][  0]MapCheck: New page: Map Check
[2025.01.07-16.23.54:029][  0]LightingResults: New page: Lighting Build
[2025.01.07-16.23.54:033][  0]LogAudio: Display: Audio Device unregistered from world 'None'.
[2025.01.07-16.23.54:038][  0]LogUObjectHash: Compacting FUObjectHashTables data took   1.11ms
[2025.01.07-16.23.54:102][  0]LogTexture: Display: Building textures: DeprecatedTextureEB9CBE3C423008B5E8E130901E171C89 (BGRA8, 128X128)
[2025.01.07-16.23.54:107][  0]LogAudio: Display: Audio Device (ID: 1) registered with world 'Untitled_1'.
[2025.01.07-16.23.54:108][  0]LogAIModule: Creating AISystem for world Untitled_1
[2025.01.07-16.23.54:118][  0]LogEditorServer: Finished looking for orphan Actors (0.000 secs)
[2025.01.07-16.23.54:126][  0]LogUObjectHash: Compacting FUObjectHashTables data took   0.97ms
[2025.01.07-16.23.54:126][  0]Cmd: MAP CHECKDEP NOCLEARLOG
[2025.01.07-16.23.54:126][  0]MapCheck: Map check complete: 0 Error(s), 0 Warning(s), took 0,128ms to complete.
[2025.01.07-16.23.54:126][  0]LogFileHelpers: Loading map 'Template_Default' took 0.100
[2025.01.07-16.23.54:128][  0]LogUnrealEdMisc: Total Editor Startup Time, took 9.427
[2025.01.07-16.23.54:300][  0]LogSlate: Updating window title bar state: overlay mode, drag disabled, window buttons hidden, title bar hidden
[2025.01.07-16.23.54:309][  0]LogSlate: Updating window title bar state: overlay mode, drag disabled, window buttons hidden, title bar hidden
[2025.01.07-16.23.54:314][  0]LogSlate: Updating window title bar state: overlay mode, drag disabled, window buttons hidden, title bar hidden
[2025.01.07-16.23.54:322][  0]LogSlate: Updating window title bar state: overlay mode, drag disabled, window buttons hidden, title bar hidden
[2025.01.07-16.23.54:345][  0]LogNativeClassHierarchy: Verbose: Native class hierarchy populated in 0.0104 seconds. Added 3822 classes and 928 folders.
[2025.01.07-16.23.54:347][  0]LogNativeClassHierarchy: Verbose: Native class hierarchy updated for 'WidgetCarousel' in 0.0004 seconds. Added 0 classes and 0 folders.
[2025.01.07-16.23.54:350][  0]LogPakFile: PakFile PrimaryIndexSize=187
[2025.01.07-16.23.54:350][  0]LogPakFile: PakFile PathHashIndexSize=101
[2025.01.07-16.23.54:350][  0]LogPakFile: PakFile FullDirectoryIndexSize=148
[2025.01.07-16.23.54:350][  0]LogShaderLibrary: Display: ShaderCodeLibraryPakFileMountedCallback: PakFile 'D:/Program Files/Epic Games/UE_4.27/FeaturePacks/FP_FirstPerson.upack' (chunk index -1, root 'root:/') mounted
[2025.01.07-16.23.54:350][  0]LogShaderLibrary: Display: ShaderCodeLibraryPakFileMountedCallback: pending pak file info (ChunkID:-1 Root:root:/ File:D:/Program Files/Epic Games/UE_4.27/FeaturePacks/FP_FirstPerson.upack)
[2025.01.07-16.23.54:351][  0]LogPakFile: OnPakFileMounted2Time == 0.000086
[2025.01.07-16.23.54:351][  0]LogPakFile: PakFile PrimaryIndexSize=189
[2025.01.07-16.23.54:351][  0]LogPakFile: PakFile PathHashIndexSize=101
[2025.01.07-16.23.54:351][  0]LogPakFile: PakFile FullDirectoryIndexSize=152
[2025.01.07-16.23.54:351][  0]LogShaderLibrary: Display: ShaderCodeLibraryPakFileMountedCallback: PakFile 'D:/Program Files/Epic Games/UE_4.27/FeaturePacks/FP_FirstPersonBP.upack' (chunk index -1, root 'root:/') mounted
[2025.01.07-16.23.54:351][  0]LogShaderLibrary: Display: ShaderCodeLibraryPakFileMountedCallback: pending pak file info (ChunkID:-1 Root:root:/ File:D:/Program Files/Epic Games/UE_4.27/FeaturePacks/FP_FirstPersonBP.upack)
[2025.01.07-16.23.54:352][  0]LogPakFile: OnPakFileMounted2Time == 0.000053
[2025.01.07-16.23.54:352][  0]LogPakFile: PakFile PrimaryIndexSize=191
[2025.01.07-16.23.54:352][  0]LogPakFile: PakFile PathHashIndexSize=101
[2025.01.07-16.23.54:352][  0]LogPakFile: PakFile FullDirectoryIndexSize=160
[2025.01.07-16.23.54:352][  0]LogShaderLibrary: Display: ShaderCodeLibraryPakFileMountedCallback: PakFile 'D:/Program Files/Epic Games/UE_4.27/FeaturePacks/MobileStarterContent.upack' (chunk index -1, root 'root:/') mounted
[2025.01.07-16.23.54:352][  0]LogShaderLibrary: Display: ShaderCodeLibraryPakFileMountedCallback: pending pak file info (ChunkID:-1 Root:root:/ File:D:/Program Files/Epic Games/UE_4.27/FeaturePacks/MobileStarterContent.upack)
[2025.01.07-16.23.54:352][  0]LogPakFile: OnPakFileMounted2Time == 0.000038
[2025.01.07-16.23.54:353][  0]LogPakFile: PakFile PrimaryIndexSize=185
[2025.01.07-16.23.54:353][  0]LogPakFile: PakFile PathHashIndexSize=101
[2025.01.07-16.23.54:353][  0]LogPakFile: PakFile FullDirectoryIndexSize=148
[2025.01.07-16.23.54:353][  0]LogShaderLibrary: Display: ShaderCodeLibraryPakFileMountedCallback: PakFile 'D:/Program Files/Epic Games/UE_4.27/FeaturePacks/StarterContent.upack' (chunk index -1, root 'root:/') mounted
[2025.01.07-16.23.54:353][  0]LogShaderLibrary: Display: ShaderCodeLibraryPakFileMountedCallback: pending pak file info (ChunkID:-1 Root:root:/ File:D:/Program Files/Epic Games/UE_4.27/FeaturePacks/StarterContent.upack)
[2025.01.07-16.23.54:353][  0]LogPakFile: OnPakFileMounted2Time == 0.000038
[2025.01.07-16.23.54:353][  0]LogPakFile: PakFile PrimaryIndexSize=190
[2025.01.07-16.23.54:354][  0]LogPakFile: PakFile PathHashIndexSize=101
[2025.01.07-16.23.54:354][  0]LogPakFile: PakFile FullDirectoryIndexSize=154
[2025.01.07-16.23.54:354][  0]LogShaderLibrary: Display: ShaderCodeLibraryPakFileMountedCallback: PakFile 'D:/Program Files/Epic Games/UE_4.27/FeaturePacks/TP_2DSideScroller.upack' (chunk index -1, root 'root:/') mounted
[2025.01.07-16.23.54:354][  0]LogShaderLibrary: Display: ShaderCodeLibraryPakFileMountedCallback: pending pak file info (ChunkID:-1 Root:root:/ File:D:/Program Files/Epic Games/UE_4.27/FeaturePacks/TP_2DSideScroller.upack)
[2025.01.07-16.23.54:354][  0]LogPakFile: OnPakFileMounted2Time == 0.000046
[2025.01.07-16.23.54:354][  0]LogPakFile: PakFile PrimaryIndexSize=192
[2025.01.07-16.23.54:354][  0]LogPakFile: PakFile PathHashIndexSize=101
[2025.01.07-16.23.54:354][  0]LogPakFile: PakFile FullDirectoryIndexSize=158
[2025.01.07-16.23.54:354][  0]LogShaderLibrary: Display: ShaderCodeLibraryPakFileMountedCallback: PakFile 'D:/Program Files/Epic Games/UE_4.27/FeaturePacks/TP_2DSideScrollerBP.upack' (chunk index -1, root 'root:/') mounted
[2025.01.07-16.23.54:354][  0]LogShaderLibrary: Display: ShaderCodeLibraryPakFileMountedCallback: pending pak file info (ChunkID:-1 Root:root:/ File:D:/Program Files/Epic Games/UE_4.27/FeaturePacks/TP_2DSideScrollerBP.upack)
[2025.01.07-16.23.54:354][  0]LogPakFile: OnPakFileMounted2Time == 0.000036
[2025.01.07-16.23.54:355][  0]LogPakFile: PakFile PrimaryIndexSize=182
[2025.01.07-16.23.54:355][  0]LogPakFile: PakFile PathHashIndexSize=101
[2025.01.07-16.23.54:355][  0]LogPakFile: PakFile FullDirectoryIndexSize=138
[2025.01.07-16.23.54:355][  0]LogShaderLibrary: Display: ShaderCodeLibraryPakFileMountedCallback: PakFile 'D:/Program Files/Epic Games/UE_4.27/FeaturePacks/TP_Flying.upack' (chunk index -1, root 'root:/') mounted
[2025.01.07-16.23.54:355][  0]LogShaderLibrary: Display: ShaderCodeLibraryPakFileMountedCallback: pending pak file info (ChunkID:-1 Root:root:/ File:D:/Program Files/Epic Games/UE_4.27/FeaturePacks/TP_Flying.upack)
[2025.01.07-16.23.54:355][  0]LogPakFile: OnPakFileMounted2Time == 0.000035
[2025.01.07-16.23.54:355][  0]LogPakFile: PakFile PrimaryIndexSize=184
[2025.01.07-16.23.54:355][  0]LogPakFile: PakFile PathHashIndexSize=101
[2025.01.07-16.23.54:355][  0]LogPakFile: PakFile FullDirectoryIndexSize=142
[2025.01.07-16.23.54:355][  0]LogShaderLibrary: Display: ShaderCodeLibraryPakFileMountedCallback: PakFile 'D:/Program Files/Epic Games/UE_4.27/FeaturePacks/TP_FlyingBP.upack' (chunk index -1, root 'root:/') mounted
[2025.01.07-16.23.54:355][  0]LogShaderLibrary: Display: ShaderCodeLibraryPakFileMountedCallback: pending pak file info (ChunkID:-1 Root:root:/ File:D:/Program Files/Epic Games/UE_4.27/FeaturePacks/TP_FlyingBP.upack)
[2025.01.07-16.23.54:355][  0]LogPakFile: OnPakFileMounted2Time == 0.000036
[2025.01.07-16.23.54:356][  0]LogPakFile: PakFile PrimaryIndexSize=188
[2025.01.07-16.23.54:356][  0]LogPakFile: PakFile PathHashIndexSize=101
[2025.01.07-16.23.54:356][  0]LogPakFile: PakFile FullDirectoryIndexSize=150
[2025.01.07-16.23.54:356][  0]LogShaderLibrary: Display: ShaderCodeLibraryPakFileMountedCallback: PakFile 'D:/Program Files/Epic Games/UE_4.27/FeaturePacks/TP_HandheldARBP.upack' (chunk index -1, root 'root:/') mounted
[2025.01.07-16.23.54:356][  0]LogShaderLibrary: Display: ShaderCodeLibraryPakFileMountedCallback: pending pak file info (ChunkID:-1 Root:root:/ File:D:/Program Files/Epic Games/UE_4.27/FeaturePacks/TP_HandheldARBP.upack)
[2025.01.07-16.23.54:356][  0]LogPakFile: OnPakFileMounted2Time == 0.000037
[2025.01.07-16.23.54:357][  0]LogPakFile: PakFile PrimaryIndexSize=182
[2025.01.07-16.23.54:357][  0]LogPakFile: PakFile PathHashIndexSize=101
[2025.01.07-16.23.54:357][  0]LogPakFile: PakFile FullDirectoryIndexSize=138
[2025.01.07-16.23.54:357][  0]LogShaderLibrary: Display: ShaderCodeLibraryPakFileMountedCallback: PakFile 'D:/Program Files/Epic Games/UE_4.27/FeaturePacks/TP_Puzzle.upack' (chunk index -1, root 'root:/') mounted
[2025.01.07-16.23.54:357][  0]LogShaderLibrary: Display: ShaderCodeLibraryPakFileMountedCallback: pending pak file info (ChunkID:-1 Root:root:/ File:D:/Program Files/Epic Games/UE_4.27/FeaturePacks/TP_Puzzle.upack)
[2025.01.07-16.23.54:357][  0]LogPakFile: OnPakFileMounted2Time == 0.000035
[2025.01.07-16.23.54:357][  0]LogPakFile: PakFile PrimaryIndexSize=184
[2025.01.07-16.23.54:357][  0]LogPakFile: PakFile PathHashIndexSize=101
[2025.01.07-16.23.54:357][  0]LogPakFile: PakFile FullDirectoryIndexSize=142
[2025.01.07-16.23.54:357][  0]LogShaderLibrary: Display: ShaderCodeLibraryPakFileMountedCallback: PakFile 'D:/Program Files/Epic Games/UE_4.27/FeaturePacks/TP_PuzzleBP.upack' (chunk index -1, root 'root:/') mounted
[2025.01.07-16.23.54:357][  0]LogShaderLibrary: Display: ShaderCodeLibraryPakFileMountedCallback: pending pak file info (ChunkID:-1 Root:root:/ File:D:/Program Files/Epic Games/UE_4.27/FeaturePacks/TP_PuzzleBP.upack)
[2025.01.07-16.23.54:357][  0]LogPakFile: OnPakFileMounted2Time == 0.000028
[2025.01.07-16.23.54:358][  0]LogPakFile: PakFile PrimaryIndexSize=183
[2025.01.07-16.23.54:358][  0]LogPakFile: PakFile PathHashIndexSize=101
[2025.01.07-16.23.54:358][  0]LogPakFile: PakFile FullDirectoryIndexSize=140
[2025.01.07-16.23.54:358][  0]LogShaderLibrary: Display: ShaderCodeLibraryPakFileMountedCallback: PakFile 'D:/Program Files/Epic Games/UE_4.27/FeaturePacks/TP_Rolling.upack' (chunk index -1, root 'root:/') mounted
[2025.01.07-16.23.54:358][  0]LogShaderLibrary: Display: ShaderCodeLibraryPakFileMountedCallback: pending pak file info (ChunkID:-1 Root:root:/ File:D:/Program Files/Epic Games/UE_4.27/FeaturePacks/TP_Rolling.upack)
[2025.01.07-16.23.54:358][  0]LogPakFile: OnPakFileMounted2Time == 0.000030
[2025.01.07-16.23.54:358][  0]LogPakFile: PakFile PrimaryIndexSize=185
[2025.01.07-16.23.54:358][  0]LogPakFile: PakFile PathHashIndexSize=101
[2025.01.07-16.23.54:358][  0]LogPakFile: PakFile FullDirectoryIndexSize=144
[2025.01.07-16.23.54:358][  0]LogShaderLibrary: Display: ShaderCodeLibraryPakFileMountedCallback: PakFile 'D:/Program Files/Epic Games/UE_4.27/FeaturePacks/TP_RollingBP.upack' (chunk index -1, root 'root:/') mounted
[2025.01.07-16.23.54:358][  0]LogShaderLibrary: Display: ShaderCodeLibraryPakFileMountedCallback: pending pak file info (ChunkID:-1 Root:root:/ File:D:/Program Files/Epic Games/UE_4.27/FeaturePacks/TP_RollingBP.upack)
[2025.01.07-16.23.54:358][  0]LogPakFile: OnPakFileMounted2Time == 0.000034
[2025.01.07-16.23.54:358][  0]LogPakFile: PakFile PrimaryIndexSize=188
[2025.01.07-16.23.54:358][  0]LogPakFile: PakFile PathHashIndexSize=101
[2025.01.07-16.23.54:358][  0]LogPakFile: PakFile FullDirectoryIndexSize=150
[2025.01.07-16.23.54:358][  0]LogShaderLibrary: Display: ShaderCodeLibraryPakFileMountedCallback: PakFile 'D:/Program Files/Epic Games/UE_4.27/FeaturePacks/TP_SideScroller.upack' (chunk index -1, root 'root:/') mounted
[2025.01.07-16.23.54:358][  0]LogShaderLibrary: Display: ShaderCodeLibraryPakFileMountedCallback: pending pak file info (ChunkID:-1 Root:root:/ File:D:/Program Files/Epic Games/UE_4.27/FeaturePacks/TP_SideScroller.upack)
[2025.01.07-16.23.54:358][  0]LogPakFile: OnPakFileMounted2Time == 0.000028
[2025.01.07-16.23.54:358][  0]LogPakFile: PakFile PrimaryIndexSize=190
[2025.01.07-16.23.54:358][  0]LogPakFile: PakFile PathHashIndexSize=101
[2025.01.07-16.23.54:358][  0]LogPakFile: PakFile FullDirectoryIndexSize=154
[2025.01.07-16.23.54:358][  0]LogShaderLibrary: Display: ShaderCodeLibraryPakFileMountedCallback: PakFile 'D:/Program Files/Epic Games/UE_4.27/FeaturePacks/TP_SideScrollerBP.upack' (chunk index -1, root 'root:/') mounted
[2025.01.07-16.23.54:358][  0]LogShaderLibrary: Display: ShaderCodeLibraryPakFileMountedCallback: pending pak file info (ChunkID:-1 Root:root:/ File:D:/Program Files/Epic Games/UE_4.27/FeaturePacks/TP_SideScrollerBP.upack)
[2025.01.07-16.23.54:358][  0]LogPakFile: OnPakFileMounted2Time == 0.000029
[2025.01.07-16.23.54:359][  0]LogPakFile: PakFile PrimaryIndexSize=187
[2025.01.07-16.23.54:359][  0]LogPakFile: PakFile PathHashIndexSize=101
[2025.01.07-16.23.54:359][  0]LogPakFile: PakFile FullDirectoryIndexSize=148
[2025.01.07-16.23.54:359][  0]LogShaderLibrary: Display: ShaderCodeLibraryPakFileMountedCallback: PakFile 'D:/Program Files/Epic Games/UE_4.27/FeaturePacks/TP_ThirdPerson.upack' (chunk index -1, root 'root:/') mounted
[2025.01.07-16.23.54:359][  0]LogShaderLibrary: Display: ShaderCodeLibraryPakFileMountedCallback: pending pak file info (ChunkID:-1 Root:root:/ File:D:/Program Files/Epic Games/UE_4.27/FeaturePacks/TP_ThirdPerson.upack)
[2025.01.07-16.23.54:359][  0]LogPakFile: OnPakFileMounted2Time == 0.000027
[2025.01.07-16.23.54:359][  0]LogPakFile: PakFile PrimaryIndexSize=189
[2025.01.07-16.23.54:359][  0]LogPakFile: PakFile PathHashIndexSize=101
[2025.01.07-16.23.54:359][  0]LogPakFile: PakFile FullDirectoryIndexSize=152
[2025.01.07-16.23.54:359][  0]LogShaderLibrary: Display: ShaderCodeLibraryPakFileMountedCallback: PakFile 'D:/Program Files/Epic Games/UE_4.27/FeaturePacks/TP_ThirdPersonBP.upack' (chunk index -1, root 'root:/') mounted
[2025.01.07-16.23.54:359][  0]LogShaderLibrary: Display: ShaderCodeLibraryPakFileMountedCallback: pending pak file info (ChunkID:-1 Root:root:/ File:D:/Program Files/Epic Games/UE_4.27/FeaturePacks/TP_ThirdPersonBP.upack)
[2025.01.07-16.23.54:359][  0]LogPakFile: OnPakFileMounted2Time == 0.000026
[2025.01.07-16.23.54:360][  0]LogPakFile: PakFile PrimaryIndexSize=183
[2025.01.07-16.23.54:360][  0]LogPakFile: PakFile PathHashIndexSize=101
[2025.01.07-16.23.54:360][  0]LogPakFile: PakFile FullDirectoryIndexSize=140
[2025.01.07-16.23.54:360][  0]LogShaderLibrary: Display: ShaderCodeLibraryPakFileMountedCallback: PakFile 'D:/Program Files/Epic Games/UE_4.27/FeaturePacks/TP_TopDown.upack' (chunk index -1, root 'root:/') mounted
[2025.01.07-16.23.54:360][  0]LogShaderLibrary: Display: ShaderCodeLibraryPakFileMountedCallback: pending pak file info (ChunkID:-1 Root:root:/ File:D:/Program Files/Epic Games/UE_4.27/FeaturePacks/TP_TopDown.upack)
[2025.01.07-16.23.54:360][  0]LogPakFile: OnPakFileMounted2Time == 0.000042
[2025.01.07-16.23.54:360][  0]LogPakFile: PakFile PrimaryIndexSize=185
[2025.01.07-16.23.54:360][  0]LogPakFile: PakFile PathHashIndexSize=101
[2025.01.07-16.23.54:360][  0]LogPakFile: PakFile FullDirectoryIndexSize=144
[2025.01.07-16.23.54:360][  0]LogShaderLibrary: Display: ShaderCodeLibraryPakFileMountedCallback: PakFile 'D:/Program Files/Epic Games/UE_4.27/FeaturePacks/TP_TopDownBP.upack' (chunk index -1, root 'root:/') mounted
[2025.01.07-16.23.54:360][  0]LogShaderLibrary: Display: ShaderCodeLibraryPakFileMountedCallback: pending pak file info (ChunkID:-1 Root:root:/ File:D:/Program Files/Epic Games/UE_4.27/FeaturePacks/TP_TopDownBP.upack)
[2025.01.07-16.23.54:360][  0]LogPakFile: OnPakFileMounted2Time == 0.000030
[2025.01.07-16.23.54:360][  0]LogPakFile: PakFile PrimaryIndexSize=185
[2025.01.07-16.23.54:360][  0]LogPakFile: PakFile PathHashIndexSize=101
[2025.01.07-16.23.54:360][  0]LogPakFile: PakFile FullDirectoryIndexSize=144
[2025.01.07-16.23.54:360][  0]LogShaderLibrary: Display: ShaderCodeLibraryPakFileMountedCallback: PakFile 'D:/Program Files/Epic Games/UE_4.27/FeaturePacks/TP_TwinStick.upack' (chunk index -1, root 'root:/') mounted
[2025.01.07-16.23.54:360][  0]LogShaderLibrary: Display: ShaderCodeLibraryPakFileMountedCallback: pending pak file info (ChunkID:-1 Root:root:/ File:D:/Program Files/Epic Games/UE_4.27/FeaturePacks/TP_TwinStick.upack)
[2025.01.07-16.23.54:360][  0]LogPakFile: OnPakFileMounted2Time == 0.000027
[2025.01.07-16.23.54:361][  0]LogPakFile: PakFile PrimaryIndexSize=187
[2025.01.07-16.23.54:361][  0]LogPakFile: PakFile PathHashIndexSize=101
[2025.01.07-16.23.54:361][  0]LogPakFile: PakFile FullDirectoryIndexSize=148
[2025.01.07-16.23.54:361][  0]LogShaderLibrary: Display: ShaderCodeLibraryPakFileMountedCallback: PakFile 'D:/Program Files/Epic Games/UE_4.27/FeaturePacks/TP_TwinStickBP.upack' (chunk index -1, root 'root:/') mounted
[2025.01.07-16.23.54:361][  0]LogShaderLibrary: Display: ShaderCodeLibraryPakFileMountedCallback: pending pak file info (ChunkID:-1 Root:root:/ File:D:/Program Files/Epic Games/UE_4.27/FeaturePacks/TP_TwinStickBP.upack)
[2025.01.07-16.23.54:361][  0]LogPakFile: OnPakFileMounted2Time == 0.000027
[2025.01.07-16.23.54:361][  0]LogPakFile: PakFile PrimaryIndexSize=183
[2025.01.07-16.23.54:361][  0]LogPakFile: PakFile PathHashIndexSize=101
[2025.01.07-16.23.54:361][  0]LogPakFile: PakFile FullDirectoryIndexSize=140
[2025.01.07-16.23.54:361][  0]LogShaderLibrary: Display: ShaderCodeLibraryPakFileMountedCallback: PakFile 'D:/Program Files/Epic Games/UE_4.27/FeaturePacks/TP_Vehicle.upack' (chunk index -1, root 'root:/') mounted
[2025.01.07-16.23.54:361][  0]LogShaderLibrary: Display: ShaderCodeLibraryPakFileMountedCallback: pending pak file info (ChunkID:-1 Root:root:/ File:D:/Program Files/Epic Games/UE_4.27/FeaturePacks/TP_Vehicle.upack)
[2025.01.07-16.23.54:361][  0]LogPakFile: OnPakFileMounted2Time == 0.000028
[2025.01.07-16.23.54:361][  0]LogPakFile: PakFile PrimaryIndexSize=186
[2025.01.07-16.23.54:361][  0]LogPakFile: PakFile PathHashIndexSize=101
[2025.01.07-16.23.54:361][  0]LogPakFile: PakFile FullDirectoryIndexSize=146
[2025.01.07-16.23.54:361][  0]LogShaderLibrary: Display: ShaderCodeLibraryPakFileMountedCallback: PakFile 'D:/Program Files/Epic Games/UE_4.27/FeaturePacks/TP_VehicleAdv.upack' (chunk index -1, root 'root:/') mounted
[2025.01.07-16.23.54:361][  0]LogShaderLibrary: Display: ShaderCodeLibraryPakFileMountedCallback: pending pak file info (ChunkID:-1 Root:root:/ File:D:/Program Files/Epic Games/UE_4.27/FeaturePacks/TP_VehicleAdv.upack)
[2025.01.07-16.23.54:362][  0]LogPakFile: OnPakFileMounted2Time == 0.000031
[2025.01.07-16.23.54:362][  0]LogPakFile: PakFile PrimaryIndexSize=188
[2025.01.07-16.23.54:362][  0]LogPakFile: PakFile PathHashIndexSize=101
[2025.01.07-16.23.54:362][  0]LogPakFile: PakFile FullDirectoryIndexSize=150
[2025.01.07-16.23.54:362][  0]LogShaderLibrary: Display: ShaderCodeLibraryPakFileMountedCallback: PakFile 'D:/Program Files/Epic Games/UE_4.27/FeaturePacks/TP_VehicleAdvBP.upack' (chunk index -1, root 'root:/') mounted
[2025.01.07-16.23.54:362][  0]LogShaderLibrary: Display: ShaderCodeLibraryPakFileMountedCallback: pending pak file info (ChunkID:-1 Root:root:/ File:D:/Program Files/Epic Games/UE_4.27/FeaturePacks/TP_VehicleAdvBP.upack)
[2025.01.07-16.23.54:362][  0]LogPakFile: OnPakFileMounted2Time == 0.000029
[2025.01.07-16.23.54:362][  0]LogPakFile: PakFile PrimaryIndexSize=185
[2025.01.07-16.23.54:362][  0]LogPakFile: PakFile PathHashIndexSize=101
[2025.01.07-16.23.54:362][  0]LogPakFile: PakFile FullDirectoryIndexSize=144
[2025.01.07-16.23.54:363][  0]LogShaderLibrary: Display: ShaderCodeLibraryPakFileMountedCallback: PakFile 'D:/Program Files/Epic Games/UE_4.27/FeaturePacks/TP_VehicleBP.upack' (chunk index -1, root 'root:/') mounted
[2025.01.07-16.23.54:363][  0]LogShaderLibrary: Display: ShaderCodeLibraryPakFileMountedCallback: pending pak file info (ChunkID:-1 Root:root:/ File:D:/Program Files/Epic Games/UE_4.27/FeaturePacks/TP_VehicleBP.upack)
[2025.01.07-16.23.54:363][  0]LogPakFile: OnPakFileMounted2Time == 0.000042
[2025.01.07-16.23.54:363][  0]LogPakFile: PakFile PrimaryIndexSize=192
[2025.01.07-16.23.54:363][  0]LogPakFile: PakFile PathHashIndexSize=101
[2025.01.07-16.23.54:363][  0]LogPakFile: PakFile FullDirectoryIndexSize=158
[2025.01.07-16.23.54:363][  0]LogShaderLibrary: Display: ShaderCodeLibraryPakFileMountedCallback: PakFile 'D:/Program Files/Epic Games/UE_4.27/FeaturePacks/TP_VirtualRealityBP.upack' (chunk index -1, root 'root:/') mounted
[2025.01.07-16.23.54:363][  0]LogShaderLibrary: Display: ShaderCodeLibraryPakFileMountedCallback: pending pak file info (ChunkID:-1 Root:root:/ File:D:/Program Files/Epic Games/UE_4.27/FeaturePacks/TP_VirtualRealityBP.upack)
[2025.01.07-16.23.54:363][  0]LogPakFile: OnPakFileMounted2Time == 0.000033
[2025.01.07-16.23.54:393][  0]LogNativeClassHierarchy: Verbose: Native class hierarchy updated for 'AddContentDialog' in 0.0003 seconds. Added 0 classes and 0 folders.
[2025.01.07-16.23.54:395][  0]LogNativeClassHierarchy: Verbose: Native class hierarchy updated for 'SceneOutliner' in 0.0002 seconds. Added 2 classes and 0 folders.
[2025.01.07-16.23.54:435][  0]LogSlate: Took 0.001122 seconds to synchronously load lazily loaded font '../../../Engine/Content/Slate/Fonts/Roboto-Regular.ttf' (155K)
[2025.01.07-16.23.54:448][  0]LogSlate: Took 0.011059 seconds to synchronously load lazily loaded font '../../../Engine/Content/Editor/Slate/Fonts/FontAwesome.ttf' (139K)
[2025.01.07-16.23.54:450][  0]LogSlate: Took 0.000271 seconds to synchronously load lazily loaded font '../../../Engine/Content/Slate/Fonts/Roboto-Bold.ttf' (160K)
[2025.01.07-16.23.54:622][  0]LogRenderer: Reallocating scene render targets to support 1208x568 Format 10 NumSamples 1 (Frame:1).
[2025.01.07-16.23.54:747][  0]LogNativeClassHierarchy: Verbose: Native class hierarchy updated for 'HierarchicalLODOutliner' in 0.0003 seconds. Added 0 classes and 0 folders.
[2025.01.07-16.23.54:747][  0]LogLoad: (Engine Initialization) Total time: 10.05 seconds
[2025.01.07-16.23.54:747][  0]LogLoad: (Engine Initialization) Total Blueprint compile time: 0.00 seconds
[2025.01.07-16.23.54:800][  0]LogAssetRegistry: Asset discovery search completed in 7.1192 seconds
[2025.01.07-16.23.54:806][  0]LogCollectionManager: Fixed up redirectors for 0 collections in 0.000004 seconds (updated 0 objects)
[2025.01.07-16.23.54:808][  0]LogContentStreaming: Texture pool size now 1000 MB
[2025.01.07-16.26.25:944][415]LogSlate: Window 'New Level' being destroyed
[2025.01.07-16.26.25:955][415]LightingResults: New page: Lighting Build
[2025.01.07-16.26.25:956][415]LogWorld: UWorld::CleanupWorld for Untitled_1, bSessionEnded=true, bCleanupResources=true
[2025.01.07-16.26.25:956][415]LogSlate: InvalidateAllWidgets triggered.  All widgets were invalidated
[2025.01.07-16.26.25:956][415]MapCheck: New page: Map Check
[2025.01.07-16.26.25:956][415]LightingResults: New page: Lighting Build
[2025.01.07-16.26.25:961][415]LogAudio: Display: Audio Device unregistered from world 'None'.
[2025.01.07-16.26.25:963][415]LogUObjectHash: Compacting FUObjectHashTables data took   1.16ms
[2025.01.07-16.26.25:966][415]LogAIModule: Creating AISystem for world Untitled
[2025.01.07-16.26.25:967][415]LogAudio: Display: Audio Device (ID: 1) registered with world 'Untitled'.
[2025.01.07-16.26.25:969][415]LoadErrors: New page: New Map
[2025.01.07-16.27.26:662][504]LogContentBrowser: Deferred new asset folder creation: NewFolder
[2025.01.07-16.27.26:671][504]LogContentBrowser: Creating deferred item: NewFolder
[2025.01.07-16.27.26:672][504]LogSlate: Took 0.000228 seconds to synchronously load lazily loaded font '../../../Engine/Content/Slate/Fonts/Roboto-Light.ttf' (167K)
[2025.01.07-16.27.29:816][690]LogContentBrowser: Attempting asset rename: NewFolder -> Maps
[2025.01.07-16.27.29:816][690]LogContentBrowser: End creating deferred item NewFolder
[2025.01.07-16.27.43:898][993]LogSlate: Window 'Save Level As' being destroyed
[2025.01.07-16.27.43:917][993]LogSlate: Took 0.000215 seconds to synchronously load lazily loaded font '../../../Engine/Content/Slate/Fonts/Roboto-Light.ttf' (167K)
[2025.01.07-16.27.43:951][993]Cmd: OBJ SAVEPACKAGE PACKAGE="/Game/Maps/Level01" FILE="../../../../../../GitHub/BallRunner/BallRunner/Content/Maps/Level01.umap" SILENT=true AUTOSAVING=false KEEPDIRTY=false
[2025.01.07-16.27.43:957][993]LogUObjectHash: Compacting FUObjectHashTables data took   1.36ms
[2025.01.07-16.27.43:960][993]LogSavePackage: Moving '../../../../../../GitHub/BallRunner/BallRunner/Saved/Level018369AC8E487575CDC63A6789227D1A6E.tmp' to '../../../../../../GitHub/BallRunner/BallRunner/Content/Maps/Level01.umap'
[2025.01.07-16.27.43:978][993]LogFileHelpers: Saving map 'Level01' took 0.067
[2025.01.07-16.27.43:981][993]AssetCheck: New page: Asset Save: Level01
[2025.01.07-16.27.43:981][993]LogContentValidation: Display: Validating World /Game/Maps/Level01.Level01
[2025.01.07-16.27.48:973][292]Cmd: OBJ SAVEPACKAGE PACKAGE="/Game/Maps/Level01" FILE="../../../../../../GitHub/BallRunner/BallRunner/Content/Maps/Level01.umap" SILENT=true AUTOSAVING=false KEEPDIRTY=false
[2025.01.07-16.27.48:979][292]LogUObjectHash: Compacting FUObjectHashTables data took   0.29ms
[2025.01.07-16.27.48:981][292]LogSavePackage: Moving '../../../../../../GitHub/BallRunner/BallRunner/Saved/Level01C0FB3C9F4DB5EA9F89700997FDEA86EA.tmp' to '../../../../../../GitHub/BallRunner/BallRunner/Content/Maps/Level01.umap'
[2025.01.07-16.27.48:996][292]AssetCheck: New page: Asset Save: Level01
[2025.01.07-16.27.48:996][292]LogContentValidation: Display: Validating World /Game/Maps/Level01.Level01
[2025.01.07-16.30.18:799][818]Cmd: BRUSH ADD SELECTNEWBRUSH
[2025.01.07-16.31.34:014][211]LogEditorViewport: Clicking Background
[2025.01.07-16.32.02:203][900]LogEditorViewport: Clicking Background
[2025.01.07-16.33.14:803][ 43]LogEditorViewport: Clicking Background
[2025.01.07-16.33.16:006][113]Cmd: DELETE
[2025.01.07-16.33.16:007][113]Cmd: ACTOR DELETE
[2025.01.07-16.33.16:008][113]LogEditorActor: Deleted Actor: Brush
[2025.01.07-16.33.16:014][113]LogUObjectHash: Compacting FUObjectHashTables data took   0.78ms
[2025.01.07-16.33.16:015][113]LogEditorActor: Deleted 1 Actors (0.008 secs)
[2025.01.07-16.33.19:538][323]Cmd: BRUSH ADD SELECTNEWBRUSH
[2025.01.07-16.34.38:178][928]LogEditorViewport: Clicking Background
[2025.01.07-16.34.53:803][855]Cmd: DUPLICATE
[2025.01.07-16.34.53:803][855]Cmd: ACTOR DUPLICATE
[2025.01.07-16.35.57:440][562]LogEditorViewport: Clicking Background
[2025.01.07-16.37.08:037][777]LogEditorViewport: Clicking Background
[2025.01.07-16.39.18:143][544]LogEditorViewport: Clicking Background
[2025.01.07-16.39.25:467][981]Cmd: DUPLICATE
[2025.01.07-16.39.25:468][981]Cmd: ACTOR DUPLICATE
[2025.01.07-16.40.30:302][556]LogUObjectHash: Compacting FUObjectHashTables data took   1.08ms
[2025.01.07-16.40.30:305][556]Cmd: OBJ SAVEPACKAGE PACKAGE="/Game/Maps/Level01" FILE="../../../../../../GitHub/BallRunner/BallRunner/Saved/Autosaves/Game/Maps/Level01_Auto1.umap" SILENT=true AUTOSAVING=true KEEPDIRTY=false
[2025.01.07-16.40.30:310][556]LogSavePackage: Moving '../../../../../../GitHub/BallRunner/BallRunner/Saved/Level01_Auto199F915D4427D4FE708B386AE63F4A54E.tmp' to '../../../../../../GitHub/BallRunner/BallRunner/Saved/Autosaves/Game/Maps/Level01_Auto1.umap'
[2025.01.07-16.40.30:310][556]LogFileHelpers: Editor autosave (incl. external actors) for '/Game/Maps/Level01' took 0.015
[2025.01.07-16.40.30:310][556]LogFileHelpers: Editor autosave (incl. sublevels & external actors) for all levels took 0.015
[2025.01.07-16.40.41:521][750]LogEditorViewport: Clicking Background
[2025.01.07-16.40.48:207][149]Cmd: DUPLICATE
[2025.01.07-16.40.48:207][149]Cmd: ACTOR DUPLICATE
[2025.01.07-16.41.09:479][418]Cmd: DUPLICATE
[2025.01.07-16.41.09:479][418]Cmd: ACTOR DUPLICATE
[2025.01.07-16.41.17:337][885]LogEditorViewport: Clicking Background
[2025.01.07-16.41.30:471][669]Cmd: OBJ SAVEPACKAGE PACKAGE="/Game/Maps/Level01" FILE="../../../../../../GitHub/BallRunner/BallRunner/Content/Maps/Level01.umap" SILENT=true AUTOSAVING=false KEEPDIRTY=false
[2025.01.07-16.41.30:476][669]LogUObjectHash: Compacting FUObjectHashTables data took   0.69ms
[2025.01.07-16.41.30:487][669]LogSavePackage: Moving '../../../../../../GitHub/BallRunner/BallRunner/Saved/Level01AD6A431149F6E2DA1DB596AA5D2E9822.tmp' to '../../../../../../GitHub/BallRunner/BallRunner/Content/Maps/Level01.umap'
[2025.01.07-16.41.30:507][669]AssetCheck: New page: Asset Save: Level01
[2025.01.07-16.41.30:508][669]LogContentValidation: Display: Validating World /Game/Maps/Level01.Level01
